{"/Users/dorrr/Desktop/Hacktiv8/Phase 3/WEEK 3/SpotlessNess/server/app.js": {"path":"/Users/dorrr/Desktop/Hacktiv8/Phase 3/WEEK 3/SpotlessNess/server/app.js","statementMap":{"0":{"start":{"line":1,"column":0},"end":{"line":1,"column":27}},"1":{"start":{"line":2,"column":16},"end":{"line":2,"column":34}},"2":{"start":{"line":3,"column":12},"end":{"line":3,"column":21}},"3":{"start":{"line":4,"column":13},"end":{"line":4,"column":17}},"4":{"start":{"line":5,"column":15},"end":{"line":5,"column":42}},"5":{"start":{"line":6,"column":13},"end":{"line":6,"column":28}},"6":{"start":{"line":7,"column":23},"end":{"line":7,"column":60}},"7":{"start":{"line":9,"column":0},"end":{"line":9,"column":15}},"8":{"start":{"line":10,"column":0},"end":{"line":10,"column":46}},"9":{"start":{"line":11,"column":0},"end":{"line":11,"column":23}},"10":{"start":{"line":12,"column":0},"end":{"line":12,"column":16}},"11":{"start":{"line":13,"column":0},"end":{"line":13,"column":19}},"12":{"start":{"line":15,"column":0},"end":{"line":15,"column":20}}},"fnMap":{},"branchMap":{},"s":{"0":10,"1":10,"2":10,"3":10,"4":10,"5":10,"6":10,"7":10,"8":10,"9":10,"10":10,"11":10,"12":10},"f":{},"b":{},"_coverageSchema":"1a1c01bbd47fc00a2c39e90264f33305004495a9","hash":"416c8c15e1513a39a1284e275db958a0d28c40e2"}
,"/Users/dorrr/Desktop/Hacktiv8/Phase 3/WEEK 3/SpotlessNess/server/Controllers/profileController.js": {"path":"/Users/dorrr/Desktop/Hacktiv8/Phase 3/WEEK 3/SpotlessNess/server/Controllers/profileController.js","statementMap":{"0":{"start":{"line":1,"column":11},"end":{"line":1,"column":52}},"1":{"start":{"line":2,"column":16},"end":{"line":2,"column":44}},"2":{"start":{"line":4,"column":0},"end":{"line":36,"column":2}},"3":{"start":{"line":6,"column":4},"end":{"line":11,"column":5}},"4":{"start":{"line":7,"column":21},"end":{"line":7,"column":65}},"5":{"start":{"line":8,"column":6},"end":{"line":8,"column":35}},"6":{"start":{"line":10,"column":6},"end":{"line":10,"column":18}},"7":{"start":{"line":15,"column":4},"end":{"line":34,"column":5}},"8":{"start":{"line":16,"column":23},"end":{"line":18,"column":8}},"9":{"start":{"line":20,"column":19},"end":{"line":23,"column":7}},"10":{"start":{"line":25,"column":21},"end":{"line":25,"column":53}},"11":{"start":{"line":27,"column":6},"end":{"line":31,"column":7}},"12":{"start":{"line":28,"column":8},"end":{"line":30,"column":71}},"13":{"start":{"line":33,"column":6},"end":{"line":33,"column":18}}},"fnMap":{"0":{"name":"(anonymous_0)","decl":{"start":{"line":5,"column":2},"end":{"line":5,"column":3}},"loc":{"start":{"line":5,"column":42},"end":{"line":12,"column":3}},"line":5},"1":{"name":"(anonymous_1)","decl":{"start":{"line":14,"column":2},"end":{"line":14,"column":3}},"loc":{"start":{"line":14,"column":44},"end":{"line":35,"column":3}},"line":14}},"branchMap":{"0":{"loc":{"start":{"line":27,"column":6},"end":{"line":31,"column":7}},"type":"if","locations":[{"start":{"line":27,"column":6},"end":{"line":31,"column":7}},{"start":{},"end":{}}],"line":27}},"s":{"0":10,"1":10,"2":10,"3":1,"4":1,"5":1,"6":0,"7":1,"8":1,"9":1,"10":1,"11":1,"12":1,"13":0},"f":{"0":1,"1":1},"b":{"0":[1,0]},"_coverageSchema":"1a1c01bbd47fc00a2c39e90264f33305004495a9","hash":"7b2f4dd7d1c87575fa8c2a48cfff90e5fff84697"}
,"/Users/dorrr/Desktop/Hacktiv8/Phase 3/WEEK 3/SpotlessNess/server/Controllers/scheduleController.js": {"path":"/Users/dorrr/Desktop/Hacktiv8/Phase 3/WEEK 3/SpotlessNess/server/Controllers/scheduleController.js","statementMap":{"0":{"start":{"line":1,"column":11},"end":{"line":1,"column":52}},"1":{"start":{"line":2,"column":63},"end":{"line":2,"column":92}},"2":{"start":{"line":4,"column":0},"end":{"line":38,"column":2}},"3":{"start":{"line":6,"column":4},"end":{"line":12,"column":5}},"4":{"start":{"line":7,"column":21},"end":{"line":7,"column":43}},"5":{"start":{"line":9,"column":6},"end":{"line":9,"column":35}},"6":{"start":{"line":11,"column":6},"end":{"line":11,"column":18}},"7":{"start":{"line":16,"column":4},"end":{"line":24,"column":5}},"8":{"start":{"line":17,"column":21},"end":{"line":17,"column":29}},"9":{"start":{"line":19,"column":23},"end":{"line":19,"column":50}},"10":{"start":{"line":21,"column":8},"end":{"line":21,"column":37}},"11":{"start":{"line":23,"column":8},"end":{"line":23,"column":20}},"12":{"start":{"line":28,"column":4},"end":{"line":36,"column":5}},"13":{"start":{"line":29,"column":21},"end":{"line":29,"column":31}},"14":{"start":{"line":31,"column":23},"end":{"line":31,"column":48}},"15":{"start":{"line":33,"column":8},"end":{"line":33,"column":37}},"16":{"start":{"line":35,"column":8},"end":{"line":35,"column":20}}},"fnMap":{"0":{"name":"(anonymous_0)","decl":{"start":{"line":5,"column":2},"end":{"line":5,"column":3}},"loc":{"start":{"line":5,"column":46},"end":{"line":13,"column":3}},"line":5},"1":{"name":"(anonymous_1)","decl":{"start":{"line":15,"column":2},"end":{"line":15,"column":3}},"loc":{"start":{"line":15,"column":49},"end":{"line":25,"column":3}},"line":15},"2":{"name":"(anonymous_2)","decl":{"start":{"line":27,"column":2},"end":{"line":27,"column":3}},"loc":{"start":{"line":27,"column":47},"end":{"line":37,"column":3}},"line":27}},"branchMap":{},"s":{"0":10,"1":10,"2":10,"3":0,"4":0,"5":0,"6":0,"7":0,"8":0,"9":0,"10":0,"11":0,"12":0,"13":0,"14":0,"15":0,"16":0},"f":{"0":0,"1":0,"2":0},"b":{},"_coverageSchema":"1a1c01bbd47fc00a2c39e90264f33305004495a9","hash":"6a8bb7e892b9959d068a9ec19ed4d2b88db6f103"}
,"/Users/dorrr/Desktop/Hacktiv8/Phase 3/WEEK 3/SpotlessNess/server/Controllers/serviceController.js": {"path":"/Users/dorrr/Desktop/Hacktiv8/Phase 3/WEEK 3/SpotlessNess/server/Controllers/serviceController.js","statementMap":{"0":{"start":{"line":1,"column":11},"end":{"line":1,"column":52}},"1":{"start":{"line":2,"column":25},"end":{"line":2,"column":61}},"2":{"start":{"line":3,"column":16},"end":{"line":3,"column":44}},"3":{"start":{"line":5,"column":0},"end":{"line":77,"column":2}},"4":{"start":{"line":34,"column":4},"end":{"line":42,"column":5}},"5":{"start":{"line":35,"column":21},"end":{"line":35,"column":47}},"6":{"start":{"line":37,"column":6},"end":{"line":39,"column":7}},"7":{"start":{"line":38,"column":8},"end":{"line":38,"column":37}},"8":{"start":{"line":41,"column":6},"end":{"line":41,"column":18}},"9":{"start":{"line":46,"column":4},"end":{"line":52,"column":5}},"10":{"start":{"line":47,"column":21},"end":{"line":47,"column":64}},"11":{"start":{"line":49,"column":6},"end":{"line":49,"column":35}},"12":{"start":{"line":51,"column":6},"end":{"line":51,"column":18}},"13":{"start":{"line":56,"column":4},"end":{"line":62,"column":5}},"14":{"start":{"line":57,"column":21},"end":{"line":57,"column":55}},"15":{"start":{"line":59,"column":6},"end":{"line":59,"column":80}},"16":{"start":{"line":61,"column":6},"end":{"line":61,"column":18}},"17":{"start":{"line":66,"column":4},"end":{"line":75,"column":5}},"18":{"start":{"line":67,"column":21},"end":{"line":67,"column":31}},"19":{"start":{"line":68,"column":21},"end":{"line":68,"column":52}},"20":{"start":{"line":70,"column":6},"end":{"line":72,"column":7}},"21":{"start":{"line":71,"column":8},"end":{"line":71,"column":71}},"22":{"start":{"line":74,"column":6},"end":{"line":74,"column":18}}},"fnMap":{"0":{"name":"(anonymous_0)","decl":{"start":{"line":33,"column":2},"end":{"line":33,"column":3}},"loc":{"start":{"line":33,"column":42},"end":{"line":43,"column":3}},"line":33},"1":{"name":"(anonymous_1)","decl":{"start":{"line":45,"column":2},"end":{"line":45,"column":3}},"loc":{"start":{"line":45,"column":46},"end":{"line":53,"column":3}},"line":45},"2":{"name":"(anonymous_2)","decl":{"start":{"line":55,"column":2},"end":{"line":55,"column":3}},"loc":{"start":{"line":55,"column":42},"end":{"line":63,"column":3}},"line":55},"3":{"name":"(anonymous_3)","decl":{"start":{"line":65,"column":2},"end":{"line":65,"column":3}},"loc":{"start":{"line":65,"column":45},"end":{"line":76,"column":3}},"line":65}},"branchMap":{"0":{"loc":{"start":{"line":37,"column":6},"end":{"line":39,"column":7}},"type":"if","locations":[{"start":{"line":37,"column":6},"end":{"line":39,"column":7}},{"start":{},"end":{}}],"line":37},"1":{"loc":{"start":{"line":70,"column":6},"end":{"line":72,"column":7}},"type":"if","locations":[{"start":{"line":70,"column":6},"end":{"line":72,"column":7}},{"start":{},"end":{}}],"line":70}},"s":{"0":10,"1":10,"2":10,"3":10,"4":1,"5":1,"6":1,"7":1,"8":0,"9":1,"10":1,"11":1,"12":0,"13":1,"14":1,"15":1,"16":0,"17":0,"18":0,"19":0,"20":0,"21":0,"22":0},"f":{"0":1,"1":1,"2":1,"3":0},"b":{"0":[1,0],"1":[0,0]},"_coverageSchema":"1a1c01bbd47fc00a2c39e90264f33305004495a9","hash":"9aac33b4dfb08d0b5bdcd5f84b3c30c075b05201"}
,"/Users/dorrr/Desktop/Hacktiv8/Phase 3/WEEK 3/SpotlessNess/server/Controllers/transactionController.js": {"path":"/Users/dorrr/Desktop/Hacktiv8/Phase 3/WEEK 3/SpotlessNess/server/Controllers/transactionController.js","statementMap":{"0":{"start":{"line":1,"column":11},"end":{"line":1,"column":52}},"1":{"start":{"line":2,"column":21},"end":{"line":2,"column":39}},"2":{"start":{"line":3,"column":13},"end":{"line":3,"column":55}},"3":{"start":{"line":4,"column":20},"end":{"line":4,"column":52}},"4":{"start":{"line":8,"column":4},"end":{"line":20,"column":5}},"5":{"start":{"line":9,"column":19},"end":{"line":9,"column":27}},"6":{"start":{"line":11,"column":21},"end":{"line":11,"column":72}},"7":{"start":{"line":13,"column":6},"end":{"line":17,"column":9}},"8":{"start":{"line":19,"column":6},"end":{"line":19,"column":18}},"9":{"start":{"line":24,"column":4},"end":{"line":24,"column":26}},"10":{"start":{"line":25,"column":4},"end":{"line":70,"column":5}},"11":{"start":{"line":26,"column":6},"end":{"line":67,"column":7}},"12":{"start":{"line":30,"column":8},"end":{"line":40,"column":10}},"13":{"start":{"line":42,"column":32},"end":{"line":44,"column":10}},"14":{"start":{"line":46,"column":29},"end":{"line":46,"column":56}},"15":{"start":{"line":48,"column":31},"end":{"line":60,"column":10}},"16":{"start":{"line":49,"column":29},"end":{"line":49,"column":65}},"17":{"start":{"line":50,"column":10},"end":{"line":59,"column":12}},"18":{"start":{"line":62,"column":8},"end":{"line":62,"column":67}},"19":{"start":{"line":64,"column":8},"end":{"line":64,"column":62}},"20":{"start":{"line":66,"column":8},"end":{"line":66,"column":56}},"21":{"start":{"line":69,"column":6},"end":{"line":69,"column":18}},"22":{"start":{"line":74,"column":4},"end":{"line":80,"column":5}},"23":{"start":{"line":75,"column":21},"end":{"line":75,"column":58}},"24":{"start":{"line":77,"column":6},"end":{"line":77,"column":35}},"25":{"start":{"line":79,"column":6},"end":{"line":79,"column":18}},"26":{"start":{"line":84,"column":4},"end":{"line":92,"column":5}},"27":{"start":{"line":85,"column":21},"end":{"line":85,"column":31}},"28":{"start":{"line":87,"column":21},"end":{"line":87,"column":61}},"29":{"start":{"line":89,"column":6},"end":{"line":89,"column":35}},"30":{"start":{"line":91,"column":6},"end":{"line":91,"column":18}},"31":{"start":{"line":96,"column":4},"end":{"line":102,"column":5}},"32":{"start":{"line":97,"column":21},"end":{"line":97,"column":62}},"33":{"start":{"line":99,"column":6},"end":{"line":99,"column":35}},"34":{"start":{"line":101,"column":6},"end":{"line":101,"column":18}},"35":{"start":{"line":106,"column":0},"end":{"line":106,"column":39}}},"fnMap":{"0":{"name":"(anonymous_0)","decl":{"start":{"line":7,"column":2},"end":{"line":7,"column":3}},"loc":{"start":{"line":7,"column":48},"end":{"line":21,"column":3}},"line":7},"1":{"name":"(anonymous_1)","decl":{"start":{"line":23,"column":2},"end":{"line":23,"column":3}},"loc":{"start":{"line":23,"column":44},"end":{"line":71,"column":3}},"line":23},"2":{"name":"(anonymous_2)","decl":{"start":{"line":48,"column":48},"end":{"line":48,"column":49}},"loc":{"start":{"line":48,"column":56},"end":{"line":60,"column":9}},"line":48},"3":{"name":"(anonymous_3)","decl":{"start":{"line":73,"column":2},"end":{"line":73,"column":3}},"loc":{"start":{"line":73,"column":49},"end":{"line":81,"column":3}},"line":73},"4":{"name":"(anonymous_4)","decl":{"start":{"line":83,"column":2},"end":{"line":83,"column":3}},"loc":{"start":{"line":83,"column":50},"end":{"line":93,"column":3}},"line":83},"5":{"name":"(anonymous_5)","decl":{"start":{"line":95,"column":2},"end":{"line":95,"column":3}},"loc":{"start":{"line":95,"column":53},"end":{"line":103,"column":3}},"line":95}},"branchMap":{"0":{"loc":{"start":{"line":26,"column":6},"end":{"line":67,"column":7}},"type":"if","locations":[{"start":{"line":26,"column":6},"end":{"line":67,"column":7}},{"start":{"line":65,"column":13},"end":{"line":67,"column":7}}],"line":26},"1":{"loc":{"start":{"line":27,"column":8},"end":{"line":28,"column":42}},"type":"binary-expr","locations":[{"start":{"line":27,"column":8},"end":{"line":27,"column":49}},{"start":{"line":28,"column":8},"end":{"line":28,"column":42}}],"line":27}},"s":{"0":10,"1":10,"2":10,"3":10,"4":0,"5":0,"6":0,"7":0,"8":0,"9":0,"10":0,"11":0,"12":0,"13":0,"14":0,"15":0,"16":0,"17":0,"18":0,"19":0,"20":0,"21":0,"22":0,"23":0,"24":0,"25":0,"26":0,"27":0,"28":0,"29":0,"30":0,"31":0,"32":0,"33":0,"34":0,"35":10},"f":{"0":0,"1":0,"2":0,"3":0,"4":0,"5":0},"b":{"0":[0,0],"1":[0,0]},"_coverageSchema":"1a1c01bbd47fc00a2c39e90264f33305004495a9","hash":"556f95fbcb7307e3d606fc14fc008b2ea6565051"}
,"/Users/dorrr/Desktop/Hacktiv8/Phase 3/WEEK 3/SpotlessNess/server/Controllers/userController.js": {"path":"/Users/dorrr/Desktop/Hacktiv8/Phase 3/WEEK 3/SpotlessNess/server/Controllers/userController.js","statementMap":{"0":{"start":{"line":1,"column":11},"end":{"line":1,"column":52}},"1":{"start":{"line":2,"column":16},"end":{"line":2,"column":44}},"2":{"start":{"line":3,"column":13},"end":{"line":3,"column":39}},"3":{"start":{"line":5,"column":0},"end":{"line":75,"column":2}},"4":{"start":{"line":7,"column":4},"end":{"line":12,"column":5}},"5":{"start":{"line":8,"column":23},"end":{"line":8,"column":52}},"6":{"start":{"line":9,"column":6},"end":{"line":9,"column":66}},"7":{"start":{"line":11,"column":6},"end":{"line":11,"column":18}},"8":{"start":{"line":16,"column":4},"end":{"line":21,"column":5}},"9":{"start":{"line":17,"column":20},"end":{"line":17,"column":46}},"10":{"start":{"line":18,"column":6},"end":{"line":18,"column":52}},"11":{"start":{"line":20,"column":6},"end":{"line":20,"column":18}},"12":{"start":{"line":25,"column":4},"end":{"line":40,"column":5}},"13":{"start":{"line":26,"column":23},"end":{"line":26,"column":31}},"14":{"start":{"line":27,"column":26},"end":{"line":27,"column":46}},"15":{"start":{"line":28,"column":26},"end":{"line":28,"column":46}},"16":{"start":{"line":29,"column":21},"end":{"line":33,"column":7}},"17":{"start":{"line":35,"column":6},"end":{"line":37,"column":7}},"18":{"start":{"line":36,"column":8},"end":{"line":36,"column":79}},"19":{"start":{"line":39,"column":6},"end":{"line":39,"column":18}},"20":{"start":{"line":55,"column":4},"end":{"line":61,"column":5}},"21":{"start":{"line":56,"column":21},"end":{"line":56,"column":45}},"22":{"start":{"line":58,"column":6},"end":{"line":58,"column":35}},"23":{"start":{"line":60,"column":6},"end":{"line":60,"column":17}},"24":{"start":{"line":65,"column":4},"end":{"line":73,"column":5}},"25":{"start":{"line":66,"column":21},"end":{"line":66,"column":53}},"26":{"start":{"line":68,"column":6},"end":{"line":70,"column":7}},"27":{"start":{"line":69,"column":8},"end":{"line":69,"column":73}},"28":{"start":{"line":72,"column":6},"end":{"line":72,"column":18}}},"fnMap":{"0":{"name":"(anonymous_0)","decl":{"start":{"line":6,"column":2},"end":{"line":6,"column":3}},"loc":{"start":{"line":6,"column":40},"end":{"line":13,"column":3}},"line":6},"1":{"name":"(anonymous_1)","decl":{"start":{"line":15,"column":2},"end":{"line":15,"column":3}},"loc":{"start":{"line":15,"column":37},"end":{"line":22,"column":3}},"line":15},"2":{"name":"(anonymous_2)","decl":{"start":{"line":24,"column":2},"end":{"line":24,"column":3}},"loc":{"start":{"line":24,"column":46},"end":{"line":41,"column":3}},"line":24},"3":{"name":"(anonymous_3)","decl":{"start":{"line":54,"column":2},"end":{"line":54,"column":3}},"loc":{"start":{"line":54,"column":43},"end":{"line":62,"column":3}},"line":54},"4":{"name":"(anonymous_4)","decl":{"start":{"line":64,"column":2},"end":{"line":64,"column":3}},"loc":{"start":{"line":64,"column":43},"end":{"line":74,"column":3}},"line":64}},"branchMap":{"0":{"loc":{"start":{"line":35,"column":6},"end":{"line":37,"column":7}},"type":"if","locations":[{"start":{"line":35,"column":6},"end":{"line":37,"column":7}},{"start":{},"end":{}}],"line":35},"1":{"loc":{"start":{"line":68,"column":6},"end":{"line":70,"column":7}},"type":"if","locations":[{"start":{"line":68,"column":6},"end":{"line":70,"column":7}},{"start":{},"end":{}}],"line":68}},"s":{"0":10,"1":10,"2":10,"3":10,"4":4,"5":4,"6":1,"7":3,"8":1,"9":1,"10":1,"11":0,"12":1,"13":1,"14":1,"15":1,"16":1,"17":1,"18":1,"19":0,"20":1,"21":1,"22":1,"23":0,"24":1,"25":1,"26":1,"27":1,"28":0},"f":{"0":4,"1":1,"2":1,"3":1,"4":1},"b":{"0":[1,0],"1":[1,0]},"_coverageSchema":"1a1c01bbd47fc00a2c39e90264f33305004495a9","hash":"5e6bba4204a15f175558e6343be3ea566ae8d90a"}
,"/Users/dorrr/Desktop/Hacktiv8/Phase 3/WEEK 3/SpotlessNess/server/db/config/midtransConnection.js": {"path":"/Users/dorrr/Desktop/Hacktiv8/Phase 3/WEEK 3/SpotlessNess/server/db/config/midtransConnection.js","statementMap":{"0":{"start":{"line":1,"column":23},"end":{"line":1,"column":49}},"1":{"start":{"line":3,"column":13},"end":{"line":7,"column":2}},"2":{"start":{"line":9,"column":0},"end":{"line":9,"column":22}}},"fnMap":{},"branchMap":{},"s":{"0":10,"1":10,"2":10},"f":{},"b":{},"_coverageSchema":"1a1c01bbd47fc00a2c39e90264f33305004495a9","hash":"d5d2fe5b89a5c307f9a8a3dfc32545e27339719b"}
,"/Users/dorrr/Desktop/Hacktiv8/Phase 3/WEEK 3/SpotlessNess/server/db/config/mongodbConnection.js": {"path":"/Users/dorrr/Desktop/Hacktiv8/Phase 3/WEEK 3/SpotlessNess/server/db/config/mongodbConnection.js","statementMap":{"0":{"start":{"line":1,"column":0},"end":{"line":1,"column":27}},"1":{"start":{"line":2,"column":42},"end":{"line":2,"column":60}},"2":{"start":{"line":3,"column":12},"end":{"line":3,"column":33}},"3":{"start":{"line":5,"column":15},"end":{"line":11,"column":2}},"4":{"start":{"line":13,"column":11},"end":{"line":13,"column":102}},"5":{"start":{"line":15,"column":0},"end":{"line":15,"column":19}}},"fnMap":{},"branchMap":{"0":{"loc":{"start":{"line":13,"column":11},"end":{"line":13,"column":102}},"type":"cond-expr","locations":[{"start":{"line":13,"column":45},"end":{"line":13,"column":74}},{"start":{"line":13,"column":77},"end":{"line":13,"column":102}}],"line":13}},"s":{"0":10,"1":10,"2":10,"3":10,"4":10,"5":10},"f":{},"b":{"0":[10,0]},"_coverageSchema":"1a1c01bbd47fc00a2c39e90264f33305004495a9","hash":"311af4ad5281cf87d5ac6019dac7727a95e809f1"}
,"/Users/dorrr/Desktop/Hacktiv8/Phase 3/WEEK 3/SpotlessNess/server/helper/bcryptFunctions.js": {"path":"/Users/dorrr/Desktop/Hacktiv8/Phase 3/WEEK 3/SpotlessNess/server/helper/bcryptFunctions.js","statementMap":{"0":{"start":{"line":1,"column":15},"end":{"line":1,"column":32}},"1":{"start":{"line":3,"column":21},"end":{"line":7,"column":1}},"2":{"start":{"line":4,"column":17},"end":{"line":4,"column":65}},"3":{"start":{"line":6,"column":2},"end":{"line":6,"column":16}},"4":{"start":{"line":9,"column":24},"end":{"line":13,"column":1}},"5":{"start":{"line":10,"column":17},"end":{"line":10,"column":63}},"6":{"start":{"line":12,"column":2},"end":{"line":12,"column":16}},"7":{"start":{"line":15,"column":0},"end":{"line":15,"column":51}}},"fnMap":{"0":{"name":"(anonymous_0)","decl":{"start":{"line":3,"column":21},"end":{"line":3,"column":22}},"loc":{"start":{"line":3,"column":35},"end":{"line":7,"column":1}},"line":3},"1":{"name":"(anonymous_1)","decl":{"start":{"line":9,"column":24},"end":{"line":9,"column":25}},"loc":{"start":{"line":9,"column":56},"end":{"line":13,"column":1}},"line":9}},"branchMap":{},"s":{"0":10,"1":10,"2":10,"3":10,"4":10,"5":3,"6":3,"7":10},"f":{"0":10,"1":3},"b":{},"_coverageSchema":"1a1c01bbd47fc00a2c39e90264f33305004495a9","hash":"74400789413ee0aac889225190bea47a25c36864"}
,"/Users/dorrr/Desktop/Hacktiv8/Phase 3/WEEK 3/SpotlessNess/server/helper/emailValidator.js": {"path":"/Users/dorrr/Desktop/Hacktiv8/Phase 3/WEEK 3/SpotlessNess/server/helper/emailValidator.js","statementMap":{"0":{"start":{"line":1,"column":14},"end":{"line":1,"column":63}},"1":{"start":{"line":3,"column":22},"end":{"line":6,"column":1}},"2":{"start":{"line":4,"column":17},"end":{"line":4,"column":34}},"3":{"start":{"line":5,"column":2},"end":{"line":5,"column":15}},"4":{"start":{"line":8,"column":0},"end":{"line":8,"column":31}}},"fnMap":{"0":{"name":"(anonymous_0)","decl":{"start":{"line":3,"column":22},"end":{"line":3,"column":23}},"loc":{"start":{"line":3,"column":33},"end":{"line":6,"column":1}},"line":3}},"branchMap":{},"s":{"0":10,"1":10,"2":4,"3":4,"4":10},"f":{"0":4},"b":{},"_coverageSchema":"1a1c01bbd47fc00a2c39e90264f33305004495a9","hash":"8148104703d4ae62981c1f403cdc43ffc622d65d"}
,"/Users/dorrr/Desktop/Hacktiv8/Phase 3/WEEK 3/SpotlessNess/server/helper/scheduleValidate.js": {"path":"/Users/dorrr/Desktop/Hacktiv8/Phase 3/WEEK 3/SpotlessNess/server/helper/scheduleValidate.js","statementMap":{"0":{"start":{"line":1,"column":11},"end":{"line":1,"column":52}},"1":{"start":{"line":4,"column":2},"end":{"line":20,"column":3}},"2":{"start":{"line":5,"column":24},"end":{"line":5,"column":34}},"3":{"start":{"line":6,"column":19},"end":{"line":16,"column":5}},"4":{"start":{"line":17,"column":4},"end":{"line":17,"column":57}},"5":{"start":{"line":19,"column":4},"end":{"line":19,"column":16}},"6":{"start":{"line":23,"column":0},"end":{"line":23,"column":30}}},"fnMap":{"0":{"name":"updateStatus","decl":{"start":{"line":3,"column":15},"end":{"line":3,"column":27}},"loc":{"start":{"line":3,"column":30},"end":{"line":21,"column":1}},"line":3}},"branchMap":{},"s":{"0":10,"1":0,"2":0,"3":0,"4":0,"5":0,"6":10},"f":{"0":0},"b":{},"_coverageSchema":"1a1c01bbd47fc00a2c39e90264f33305004495a9","hash":"d71fc36468fd907383ee2f0935ffe27d471f66b1"}
,"/Users/dorrr/Desktop/Hacktiv8/Phase 3/WEEK 3/SpotlessNess/server/middlewares/authentication.js": {"path":"/Users/dorrr/Desktop/Hacktiv8/Phase 3/WEEK 3/SpotlessNess/server/middlewares/authentication.js","statementMap":{"0":{"start":{"line":1,"column":12},"end":{"line":1,"column":35}},"1":{"start":{"line":3,"column":23},"end":{"line":21,"column":1}},"2":{"start":{"line":4,"column":2},"end":{"line":20,"column":3}},"3":{"start":{"line":5,"column":4},"end":{"line":7,"column":5}},"4":{"start":{"line":6,"column":6},"end":{"line":6,"column":56}},"5":{"start":{"line":9,"column":24},"end":{"line":9,"column":49}},"6":{"start":{"line":11,"column":18},"end":{"line":11,"column":43}},"7":{"start":{"line":13,"column":24},"end":{"line":13,"column":66}},"8":{"start":{"line":15,"column":4},"end":{"line":15,"column":27}},"9":{"start":{"line":17,"column":4},"end":{"line":17,"column":11}},"10":{"start":{"line":19,"column":4},"end":{"line":19,"column":16}},"11":{"start":{"line":23,"column":0},"end":{"line":23,"column":32}}},"fnMap":{"0":{"name":"(anonymous_0)","decl":{"start":{"line":3,"column":23},"end":{"line":3,"column":24}},"loc":{"start":{"line":3,"column":49},"end":{"line":21,"column":1}},"line":3}},"branchMap":{"0":{"loc":{"start":{"line":5,"column":4},"end":{"line":7,"column":5}},"type":"if","locations":[{"start":{"line":5,"column":4},"end":{"line":7,"column":5}},{"start":{},"end":{}}],"line":5}},"s":{"0":10,"1":10,"2":8,"3":8,"4":0,"5":8,"6":8,"7":8,"8":8,"9":8,"10":0,"11":10},"f":{"0":8},"b":{"0":[0,8]},"_coverageSchema":"1a1c01bbd47fc00a2c39e90264f33305004495a9","hash":"7a569904596b755f8a81f41d1bec0e685b5ddb9e"}
,"/Users/dorrr/Desktop/Hacktiv8/Phase 3/WEEK 3/SpotlessNess/server/middlewares/authorization.js": {"path":"/Users/dorrr/Desktop/Hacktiv8/Phase 3/WEEK 3/SpotlessNess/server/middlewares/authorization.js","statementMap":{"0":{"start":{"line":1,"column":22},"end":{"line":12,"column":1}},"1":{"start":{"line":2,"column":2},"end":{"line":11,"column":3}},"2":{"start":{"line":3,"column":17},"end":{"line":3,"column":30}},"3":{"start":{"line":4,"column":4},"end":{"line":8,"column":5}},"4":{"start":{"line":5,"column":8},"end":{"line":5,"column":14}},"5":{"start":{"line":7,"column":8},"end":{"line":7,"column":55}},"6":{"start":{"line":10,"column":4},"end":{"line":10,"column":16}},"7":{"start":{"line":14,"column":0},"end":{"line":14,"column":31}}},"fnMap":{"0":{"name":"(anonymous_0)","decl":{"start":{"line":1,"column":22},"end":{"line":1,"column":23}},"loc":{"start":{"line":1,"column":48},"end":{"line":12,"column":1}},"line":1}},"branchMap":{"0":{"loc":{"start":{"line":4,"column":4},"end":{"line":8,"column":5}},"type":"if","locations":[{"start":{"line":4,"column":4},"end":{"line":8,"column":5}},{"start":{"line":6,"column":11},"end":{"line":8,"column":5}}],"line":4}},"s":{"0":10,"1":1,"2":1,"3":1,"4":1,"5":0,"6":0,"7":10},"f":{"0":1},"b":{"0":[1,0]},"_coverageSchema":"1a1c01bbd47fc00a2c39e90264f33305004495a9","hash":"96e442ccf19ea4feb5675a77ffd003a5a93bd54f"}
,"/Users/dorrr/Desktop/Hacktiv8/Phase 3/WEEK 3/SpotlessNess/server/middlewares/errorHandler.js": {"path":"/Users/dorrr/Desktop/Hacktiv8/Phase 3/WEEK 3/SpotlessNess/server/middlewares/errorHandler.js","statementMap":{"0":{"start":{"line":1,"column":19},"end":{"line":8,"column":1}},"1":{"start":{"line":2,"column":2},"end":{"line":7,"column":3}},"2":{"start":{"line":3,"column":4},"end":{"line":3,"column":54}},"3":{"start":{"line":5,"column":24},"end":{"line":5,"column":75}},"4":{"start":{"line":6,"column":4},"end":{"line":6,"column":61}},"5":{"start":{"line":10,"column":0},"end":{"line":10,"column":32}},"6":{"start":{"line":17,"column":85},"end":{"line":17,"column":37728}},"7":{"start":{"line":17,"column":89},"end":{"line":17,"column":37717}}},"fnMap":{"0":{"name":"(anonymous_0)","decl":{"start":{"line":1,"column":19},"end":{"line":1,"column":20}},"loc":{"start":{"line":1,"column":44},"end":{"line":8,"column":1}},"line":1},"1":{"name":"oo_cm","decl":{"start":{"line":17,"column":77},"end":{"line":17,"column":82}},"loc":{"start":{"line":17,"column":84},"end":{"line":17,"column":37729}},"line":17}},"branchMap":{"0":{"loc":{"start":{"line":2,"column":2},"end":{"line":7,"column":3}},"type":"if","locations":[{"start":{"line":2,"column":2},"end":{"line":7,"column":3}},{"start":{"line":4,"column":9},"end":{"line":7,"column":3}}],"line":2},"1":{"loc":{"start":{"line":17,"column":96},"end":{"line":17,"column":37716}},"type":"binary-expr","locations":[{"start":{"line":17,"column":96},"end":{"line":17,"column":133}},{"start":{"line":17,"column":137},"end":{"line":17,"column":37716}}],"line":17}},"s":{"0":10,"1":3,"2":2,"3":1,"4":1,"5":10,"6":1,"7":1},"f":{"0":3,"1":1},"b":{"0":[2,1],"1":[1,1]},"_coverageSchema":"1a1c01bbd47fc00a2c39e90264f33305004495a9","hash":"564fb26424fc44f77d1324efcd96f6291e5af13d"}
,"/Users/dorrr/Desktop/Hacktiv8/Phase 3/WEEK 3/SpotlessNess/server/models/profile.js": {"path":"/Users/dorrr/Desktop/Hacktiv8/Phase 3/WEEK 3/SpotlessNess/server/models/profile.js","statementMap":{"0":{"start":{"line":1,"column":11},"end":{"line":1,"column":52}},"1":{"start":{"line":5,"column":28},"end":{"line":7,"column":6}},"2":{"start":{"line":9,"column":4},"end":{"line":26,"column":5}},"3":{"start":{"line":10,"column":28},"end":{"line":24,"column":7}},"4":{"start":{"line":25,"column":6},"end":{"line":25,"column":26}},"5":{"start":{"line":28,"column":4},"end":{"line":31,"column":5}},"6":{"start":{"line":29,"column":23},"end":{"line":29,"column":69}},"7":{"start":{"line":30,"column":6},"end":{"line":30,"column":22}},"8":{"start":{"line":36,"column":21},"end":{"line":58,"column":16}},"9":{"start":{"line":60,"column":4},"end":{"line":62,"column":5}},"10":{"start":{"line":61,"column":6},"end":{"line":61,"column":53}},"11":{"start":{"line":64,"column":4},"end":{"line":64,"column":23}},"12":{"start":{"line":68,"column":0},"end":{"line":68,"column":25}}},"fnMap":{"0":{"name":"(anonymous_0)","decl":{"start":{"line":4,"column":2},"end":{"line":4,"column":3}},"loc":{"start":{"line":4,"column":34},"end":{"line":33,"column":3}},"line":4},"1":{"name":"(anonymous_1)","decl":{"start":{"line":35,"column":2},"end":{"line":35,"column":3}},"loc":{"start":{"line":35,"column":36},"end":{"line":65,"column":3}},"line":35}},"branchMap":{"0":{"loc":{"start":{"line":9,"column":4},"end":{"line":26,"column":5}},"type":"if","locations":[{"start":{"line":9,"column":4},"end":{"line":26,"column":5}},{"start":{},"end":{}}],"line":9},"1":{"loc":{"start":{"line":9,"column":8},"end":{"line":9,"column":31}},"type":"binary-expr","locations":[{"start":{"line":9,"column":8},"end":{"line":9,"column":23}},{"start":{"line":9,"column":27},"end":{"line":9,"column":31}}],"line":9},"2":{"loc":{"start":{"line":28,"column":4},"end":{"line":31,"column":5}},"type":"if","locations":[{"start":{"line":28,"column":4},"end":{"line":31,"column":5}},{"start":{},"end":{}}],"line":28},"3":{"loc":{"start":{"line":60,"column":4},"end":{"line":62,"column":5}},"type":"if","locations":[{"start":{"line":60,"column":4},"end":{"line":62,"column":5}},{"start":{},"end":{}}],"line":60}},"s":{"0":10,"1":1,"2":1,"3":0,"4":0,"5":1,"6":1,"7":1,"8":1,"9":1,"10":0,"11":1,"12":10},"f":{"0":1,"1":1},"b":{"0":[0,1],"1":[1,0],"2":[1,0],"3":[0,1]},"_coverageSchema":"1a1c01bbd47fc00a2c39e90264f33305004495a9","hash":"14a26bfc4e391ec4e9e8cc1c11f94cdbb8466ee6"}
,"/Users/dorrr/Desktop/Hacktiv8/Phase 3/WEEK 3/SpotlessNess/server/models/schedule.js": {"path":"/Users/dorrr/Desktop/Hacktiv8/Phase 3/WEEK 3/SpotlessNess/server/models/schedule.js","statementMap":{"0":{"start":{"line":1,"column":11},"end":{"line":1,"column":52}},"1":{"start":{"line":2,"column":21},"end":{"line":2,"column":39}},"2":{"start":{"line":4,"column":0},"end":{"line":33,"column":2}},"3":{"start":{"line":6,"column":19},"end":{"line":6,"column":67}},"4":{"start":{"line":8,"column":4},"end":{"line":8,"column":18}},"5":{"start":{"line":12,"column":19},"end":{"line":17,"column":16}},"6":{"start":{"line":19,"column":4},"end":{"line":19,"column":18}},"7":{"start":{"line":23,"column":19},"end":{"line":27,"column":5}},"8":{"start":{"line":29,"column":4},"end":{"line":29,"column":60}},"9":{"start":{"line":29,"column":16},"end":{"line":29,"column":60}},"10":{"start":{"line":31,"column":4},"end":{"line":31,"column":17}}},"fnMap":{"0":{"name":"(anonymous_0)","decl":{"start":{"line":5,"column":2},"end":{"line":5,"column":3}},"loc":{"start":{"line":5,"column":32},"end":{"line":9,"column":3}},"line":5},"1":{"name":"(anonymous_1)","decl":{"start":{"line":11,"column":2},"end":{"line":11,"column":3}},"loc":{"start":{"line":11,"column":41},"end":{"line":20,"column":3}},"line":11},"2":{"name":"(anonymous_2)","decl":{"start":{"line":22,"column":2},"end":{"line":22,"column":3}},"loc":{"start":{"line":22,"column":35},"end":{"line":32,"column":3}},"line":22}},"branchMap":{"0":{"loc":{"start":{"line":29,"column":4},"end":{"line":29,"column":60}},"type":"if","locations":[{"start":{"line":29,"column":4},"end":{"line":29,"column":60}},{"start":{},"end":{}}],"line":29}},"s":{"0":10,"1":10,"2":10,"3":0,"4":0,"5":0,"6":0,"7":0,"8":0,"9":0,"10":0},"f":{"0":0,"1":0,"2":0},"b":{"0":[0,0]},"_coverageSchema":"1a1c01bbd47fc00a2c39e90264f33305004495a9","hash":"df77f3c368c53e7857db73a1196ec3426ef6b608"}
,"/Users/dorrr/Desktop/Hacktiv8/Phase 3/WEEK 3/SpotlessNess/server/models/service.js": {"path":"/Users/dorrr/Desktop/Hacktiv8/Phase 3/WEEK 3/SpotlessNess/server/models/service.js","statementMap":{"0":{"start":{"line":1,"column":11},"end":{"line":1,"column":52}},"1":{"start":{"line":2,"column":21},"end":{"line":2,"column":39}},"2":{"start":{"line":4,"column":0},"end":{"line":40,"column":2}},"3":{"start":{"line":6,"column":19},"end":{"line":6,"column":60}},"4":{"start":{"line":7,"column":4},"end":{"line":7,"column":18}},"5":{"start":{"line":12,"column":19},"end":{"line":14,"column":6}},"6":{"start":{"line":16,"column":4},"end":{"line":18,"column":5}},"7":{"start":{"line":17,"column":6},"end":{"line":17,"column":20}},"8":{"start":{"line":22,"column":19},"end":{"line":24,"column":6}},"9":{"start":{"line":26,"column":4},"end":{"line":26,"column":18}},"10":{"start":{"line":30,"column":19},"end":{"line":34,"column":5}},"11":{"start":{"line":36,"column":4},"end":{"line":36,"column":64}},"12":{"start":{"line":36,"column":16},"end":{"line":36,"column":64}},"13":{"start":{"line":38,"column":4},"end":{"line":38,"column":18}}},"fnMap":{"0":{"name":"(anonymous_0)","decl":{"start":{"line":5,"column":2},"end":{"line":5,"column":3}},"loc":{"start":{"line":5,"column":28},"end":{"line":8,"column":3}},"line":5},"1":{"name":"(anonymous_1)","decl":{"start":{"line":10,"column":2},"end":{"line":10,"column":3}},"loc":{"start":{"line":10,"column":34},"end":{"line":19,"column":3}},"line":10},"2":{"name":"(anonymous_2)","decl":{"start":{"line":21,"column":2},"end":{"line":21,"column":3}},"loc":{"start":{"line":21,"column":36},"end":{"line":27,"column":3}},"line":21},"3":{"name":"(anonymous_3)","decl":{"start":{"line":29,"column":2},"end":{"line":29,"column":3}},"loc":{"start":{"line":29,"column":33},"end":{"line":39,"column":3}},"line":29}},"branchMap":{"0":{"loc":{"start":{"line":16,"column":4},"end":{"line":18,"column":5}},"type":"if","locations":[{"start":{"line":16,"column":4},"end":{"line":18,"column":5}},{"start":{},"end":{}}],"line":16},"1":{"loc":{"start":{"line":36,"column":4},"end":{"line":36,"column":64}},"type":"if","locations":[{"start":{"line":36,"column":4},"end":{"line":36,"column":64}},{"start":{},"end":{}}],"line":36}},"s":{"0":10,"1":10,"2":10,"3":1,"4":1,"5":1,"6":1,"7":0,"8":1,"9":1,"10":0,"11":0,"12":0,"13":0},"f":{"0":1,"1":1,"2":1,"3":0},"b":{"0":[0,1],"1":[0,0]},"_coverageSchema":"1a1c01bbd47fc00a2c39e90264f33305004495a9","hash":"05efd4a0a472e7bd34a0d31860c4ca8a00c35cd0"}
,"/Users/dorrr/Desktop/Hacktiv8/Phase 3/WEEK 3/SpotlessNess/server/models/transaction.js": {"path":"/Users/dorrr/Desktop/Hacktiv8/Phase 3/WEEK 3/SpotlessNess/server/models/transaction.js","statementMap":{"0":{"start":{"line":1,"column":13},"end":{"line":1,"column":55}},"1":{"start":{"line":2,"column":21},"end":{"line":2,"column":39}},"2":{"start":{"line":3,"column":11},"end":{"line":3,"column":52}},"3":{"start":{"line":5,"column":0},"end":{"line":129,"column":2}},"4":{"start":{"line":7,"column":4},"end":{"line":9,"column":5}},"5":{"start":{"line":8,"column":6},"end":{"line":8,"column":56}},"6":{"start":{"line":11,"column":25},"end":{"line":17,"column":6}},"7":{"start":{"line":12,"column":6},"end":{"line":16,"column":8}},"8":{"start":{"line":19,"column":24},"end":{"line":24,"column":16}},"9":{"start":{"line":22,"column":56},"end":{"line":22,"column":60}},"10":{"start":{"line":26,"column":30},"end":{"line":32,"column":6}},"11":{"start":{"line":27,"column":6},"end":{"line":31,"column":8}},"12":{"start":{"line":35,"column":22},"end":{"line":35,"column":23}},"13":{"start":{"line":37,"column":4},"end":{"line":39,"column":7}},"14":{"start":{"line":38,"column":6},"end":{"line":38,"column":30}},"15":{"start":{"line":41,"column":19},"end":{"line":41,"column":27}},"16":{"start":{"line":43,"column":30},"end":{"line":50,"column":6}},"17":{"start":{"line":52,"column":22},"end":{"line":68,"column":5}},"18":{"start":{"line":70,"column":24},"end":{"line":70,"column":63}},"19":{"start":{"line":72,"column":27},"end":{"line":72,"column":44}},"20":{"start":{"line":74,"column":30},"end":{"line":83,"column":5}},"21":{"start":{"line":85,"column":4},"end":{"line":88,"column":6}},"22":{"start":{"line":92,"column":17},"end":{"line":102,"column":16}},"23":{"start":{"line":104,"column":4},"end":{"line":104,"column":16}},"24":{"start":{"line":108,"column":17},"end":{"line":112,"column":5}},"25":{"start":{"line":114,"column":4},"end":{"line":114,"column":58}},"26":{"start":{"line":114,"column":14},"end":{"line":114,"column":58}},"27":{"start":{"line":116,"column":4},"end":{"line":116,"column":15}},"28":{"start":{"line":120,"column":17},"end":{"line":124,"column":15}},"29":{"start":{"line":126,"column":4},"end":{"line":126,"column":16}}},"fnMap":{"0":{"name":"(anonymous_0)","decl":{"start":{"line":6,"column":2},"end":{"line":6,"column":3}},"loc":{"start":{"line":6,"column":52},"end":{"line":89,"column":3}},"line":6},"1":{"name":"(anonymous_1)","decl":{"start":{"line":11,"column":37},"end":{"line":11,"column":38}},"loc":{"start":{"line":11,"column":45},"end":{"line":17,"column":5}},"line":11},"2":{"name":"(anonymous_2)","decl":{"start":{"line":22,"column":49},"end":{"line":22,"column":50}},"loc":{"start":{"line":22,"column":56},"end":{"line":22,"column":60}},"line":22},"3":{"name":"(anonymous_3)","decl":{"start":{"line":26,"column":46},"end":{"line":26,"column":47}},"loc":{"start":{"line":26,"column":61},"end":{"line":32,"column":5}},"line":26},"4":{"name":"(anonymous_4)","decl":{"start":{"line":37,"column":30},"end":{"line":37,"column":31}},"loc":{"start":{"line":37,"column":38},"end":{"line":39,"column":5}},"line":37},"5":{"name":"(anonymous_5)","decl":{"start":{"line":91,"column":2},"end":{"line":91,"column":3}},"loc":{"start":{"line":91,"column":35},"end":{"line":105,"column":3}},"line":91},"6":{"name":"(anonymous_6)","decl":{"start":{"line":107,"column":2},"end":{"line":107,"column":3}},"loc":{"start":{"line":107,"column":38},"end":{"line":117,"column":3}},"line":107},"7":{"name":"(anonymous_7)","decl":{"start":{"line":119,"column":2},"end":{"line":119,"column":3}},"loc":{"start":{"line":119,"column":39},"end":{"line":127,"column":3}},"line":119}},"branchMap":{"0":{"loc":{"start":{"line":7,"column":4},"end":{"line":9,"column":5}},"type":"if","locations":[{"start":{"line":7,"column":4},"end":{"line":9,"column":5}},{"start":{},"end":{}}],"line":7},"1":{"loc":{"start":{"line":114,"column":4},"end":{"line":114,"column":58}},"type":"if","locations":[{"start":{"line":114,"column":4},"end":{"line":114,"column":58}},{"start":{},"end":{}}],"line":114}},"s":{"0":10,"1":10,"2":10,"3":10,"4":0,"5":0,"6":0,"7":0,"8":0,"9":0,"10":0,"11":0,"12":0,"13":0,"14":0,"15":0,"16":0,"17":0,"18":0,"19":0,"20":0,"21":0,"22":0,"23":0,"24":0,"25":0,"26":0,"27":0,"28":0,"29":0},"f":{"0":0,"1":0,"2":0,"3":0,"4":0,"5":0,"6":0,"7":0},"b":{"0":[0,0],"1":[0,0]},"_coverageSchema":"1a1c01bbd47fc00a2c39e90264f33305004495a9","hash":"0bad03692942b0d74f06fc64fd7ca36154465f53"}
,"/Users/dorrr/Desktop/Hacktiv8/Phase 3/WEEK 3/SpotlessNess/server/models/users.js": {"path":"/Users/dorrr/Desktop/Hacktiv8/Phase 3/WEEK 3/SpotlessNess/server/models/users.js","statementMap":{"0":{"start":{"line":1,"column":11},"end":{"line":1,"column":52}},"1":{"start":{"line":2,"column":15},"end":{"line":2,"column":32}},"2":{"start":{"line":3,"column":22},"end":{"line":3,"column":57}},"3":{"start":{"line":4,"column":12},"end":{"line":4,"column":35}},"4":{"start":{"line":5,"column":42},"end":{"line":5,"column":78}},"5":{"start":{"line":9,"column":4},"end":{"line":14,"column":5}},"6":{"start":{"line":10,"column":6},"end":{"line":13,"column":8}},"7":{"start":{"line":16,"column":32},"end":{"line":16,"column":57}},"8":{"start":{"line":18,"column":4},"end":{"line":19,"column":59}},"9":{"start":{"line":19,"column":6},"end":{"line":19,"column":59}},"10":{"start":{"line":21,"column":23},"end":{"line":26,"column":16}},"11":{"start":{"line":28,"column":4},"end":{"line":30,"column":5}},"12":{"start":{"line":29,"column":6},"end":{"line":29,"column":63}},"13":{"start":{"line":32,"column":23},"end":{"line":36,"column":5}},"14":{"start":{"line":38,"column":21},"end":{"line":38,"column":72}},"15":{"start":{"line":40,"column":4},"end":{"line":40,"column":20}},"16":{"start":{"line":44,"column":32},"end":{"line":44,"column":57}},"17":{"start":{"line":46,"column":4},"end":{"line":48,"column":5}},"18":{"start":{"line":47,"column":6},"end":{"line":47,"column":60}},"19":{"start":{"line":50,"column":21},"end":{"line":55,"column":16}},"20":{"start":{"line":57,"column":4},"end":{"line":59,"column":5}},"21":{"start":{"line":58,"column":6},"end":{"line":58,"column":67}},"22":{"start":{"line":61,"column":29},"end":{"line":64,"column":5}},"23":{"start":{"line":66,"column":4},"end":{"line":68,"column":5}},"24":{"start":{"line":67,"column":6},"end":{"line":67,"column":67}},"25":{"start":{"line":70,"column":18},"end":{"line":78,"column":5}},"26":{"start":{"line":80,"column":4},"end":{"line":80,"column":17}},"27":{"start":{"line":84,"column":25},"end":{"line":86,"column":41}},"28":{"start":{"line":88,"column":4},"end":{"line":88,"column":71}},"29":{"start":{"line":88,"column":23},"end":{"line":88,"column":71}},"30":{"start":{"line":90,"column":30},"end":{"line":93,"column":5}},"31":{"start":{"line":95,"column":4},"end":{"line":96,"column":65}},"32":{"start":{"line":96,"column":6},"end":{"line":96,"column":65}},"33":{"start":{"line":98,"column":30},"end":{"line":101,"column":5}},"34":{"start":{"line":103,"column":4},"end":{"line":107,"column":8}},"35":{"start":{"line":104,"column":6},"end":{"line":107,"column":8}},"36":{"start":{"line":109,"column":27},"end":{"line":118,"column":5}},"37":{"start":{"line":120,"column":4},"end":{"line":121,"column":64}},"38":{"start":{"line":121,"column":6},"end":{"line":121,"column":64}},"39":{"start":{"line":123,"column":4},"end":{"line":123,"column":26}},"40":{"start":{"line":127,"column":19},"end":{"line":132,"column":16}},"41":{"start":{"line":134,"column":4},"end":{"line":134,"column":18}},"42":{"start":{"line":138,"column":29},"end":{"line":138,"column":39}},"43":{"start":{"line":140,"column":4},"end":{"line":140,"column":77}},"44":{"start":{"line":140,"column":26},"end":{"line":140,"column":77}},"45":{"start":{"line":142,"column":4},"end":{"line":142,"column":71}},"46":{"start":{"line":142,"column":23},"end":{"line":142,"column":71}},"47":{"start":{"line":144,"column":4},"end":{"line":144,"column":71}},"48":{"start":{"line":144,"column":23},"end":{"line":144,"column":71}},"49":{"start":{"line":146,"column":4},"end":{"line":146,"column":48}},"50":{"start":{"line":147,"column":4},"end":{"line":147,"column":26}},"51":{"start":{"line":149,"column":19},"end":{"line":149,"column":62}},"52":{"start":{"line":151,"column":4},"end":{"line":151,"column":18}},"53":{"start":{"line":155,"column":0},"end":{"line":155,"column":22}}},"fnMap":{"0":{"name":"(anonymous_0)","decl":{"start":{"line":8,"column":2},"end":{"line":8,"column":3}},"loc":{"start":{"line":8,"column":30},"end":{"line":41,"column":3}},"line":8},"1":{"name":"(anonymous_1)","decl":{"start":{"line":43,"column":2},"end":{"line":43,"column":3}},"loc":{"start":{"line":43,"column":27},"end":{"line":81,"column":3}},"line":43},"2":{"name":"(anonymous_2)","decl":{"start":{"line":83,"column":2},"end":{"line":83,"column":3}},"loc":{"start":{"line":83,"column":66},"end":{"line":124,"column":3}},"line":83},"3":{"name":"(anonymous_3)","decl":{"start":{"line":126,"column":2},"end":{"line":126,"column":3}},"loc":{"start":{"line":126,"column":29},"end":{"line":135,"column":3}},"line":126},"4":{"name":"(anonymous_4)","decl":{"start":{"line":137,"column":2},"end":{"line":137,"column":3}},"loc":{"start":{"line":137,"column":33},"end":{"line":152,"column":3}},"line":137}},"branchMap":{"0":{"loc":{"start":{"line":9,"column":4},"end":{"line":14,"column":5}},"type":"if","locations":[{"start":{"line":9,"column":4},"end":{"line":14,"column":5}},{"start":{},"end":{}}],"line":9},"1":{"loc":{"start":{"line":18,"column":4},"end":{"line":19,"column":59}},"type":"if","locations":[{"start":{"line":18,"column":4},"end":{"line":19,"column":59}},{"start":{},"end":{}}],"line":18},"2":{"loc":{"start":{"line":28,"column":4},"end":{"line":30,"column":5}},"type":"if","locations":[{"start":{"line":28,"column":4},"end":{"line":30,"column":5}},{"start":{},"end":{}}],"line":28},"3":{"loc":{"start":{"line":46,"column":4},"end":{"line":48,"column":5}},"type":"if","locations":[{"start":{"line":46,"column":4},"end":{"line":48,"column":5}},{"start":{},"end":{}}],"line":46},"4":{"loc":{"start":{"line":57,"column":4},"end":{"line":59,"column":5}},"type":"if","locations":[{"start":{"line":57,"column":4},"end":{"line":59,"column":5}},{"start":{},"end":{}}],"line":57},"5":{"loc":{"start":{"line":66,"column":4},"end":{"line":68,"column":5}},"type":"if","locations":[{"start":{"line":66,"column":4},"end":{"line":68,"column":5}},{"start":{},"end":{}}],"line":66},"6":{"loc":{"start":{"line":88,"column":4},"end":{"line":88,"column":71}},"type":"if","locations":[{"start":{"line":88,"column":4},"end":{"line":88,"column":71}},{"start":{},"end":{}}],"line":88},"7":{"loc":{"start":{"line":95,"column":4},"end":{"line":96,"column":65}},"type":"if","locations":[{"start":{"line":95,"column":4},"end":{"line":96,"column":65}},{"start":{},"end":{}}],"line":95},"8":{"loc":{"start":{"line":103,"column":4},"end":{"line":107,"column":8}},"type":"if","locations":[{"start":{"line":103,"column":4},"end":{"line":107,"column":8}},{"start":{},"end":{}}],"line":103},"9":{"loc":{"start":{"line":120,"column":4},"end":{"line":121,"column":64}},"type":"if","locations":[{"start":{"line":120,"column":4},"end":{"line":121,"column":64}},{"start":{},"end":{}}],"line":120},"10":{"loc":{"start":{"line":140,"column":4},"end":{"line":140,"column":77}},"type":"if","locations":[{"start":{"line":140,"column":4},"end":{"line":140,"column":77}},{"start":{},"end":{}}],"line":140},"11":{"loc":{"start":{"line":142,"column":4},"end":{"line":142,"column":71}},"type":"if","locations":[{"start":{"line":142,"column":4},"end":{"line":142,"column":71}},{"start":{},"end":{}}],"line":142},"12":{"loc":{"start":{"line":144,"column":4},"end":{"line":144,"column":71}},"type":"if","locations":[{"start":{"line":144,"column":4},"end":{"line":144,"column":71}},{"start":{},"end":{}}],"line":144}},"s":{"0":10,"1":10,"2":10,"3":10,"4":10,"5":4,"6":0,"7":3,"8":3,"9":1,"10":2,"11":2,"12":1,"13":1,"14":1,"15":1,"16":1,"17":1,"18":0,"19":1,"20":1,"21":0,"22":1,"23":1,"24":0,"25":1,"26":1,"27":1,"28":1,"29":0,"30":1,"31":1,"32":0,"33":1,"34":1,"35":0,"36":1,"37":1,"38":0,"39":1,"40":1,"41":1,"42":1,"43":1,"44":0,"45":1,"46":0,"47":1,"48":0,"49":1,"50":1,"51":1,"52":1,"53":10},"f":{"0":4,"1":1,"2":1,"3":1,"4":1},"b":{"0":[0,3],"1":[1,2],"2":[1,1],"3":[0,1],"4":[0,1],"5":[0,1],"6":[0,1],"7":[0,1],"8":[0,1],"9":[0,1],"10":[0,1],"11":[0,1],"12":[0,1]},"_coverageSchema":"1a1c01bbd47fc00a2c39e90264f33305004495a9","hash":"3eda394fabd3d98d283298095beca4bf84c8e9de"}
,"/Users/dorrr/Desktop/Hacktiv8/Phase 3/WEEK 3/SpotlessNess/server/routers/router.js": {"path":"/Users/dorrr/Desktop/Hacktiv8/Phase 3/WEEK 3/SpotlessNess/server/routers/router.js","statementMap":{"0":{"start":{"line":1,"column":16},"end":{"line":1,"column":34}},"1":{"start":{"line":2,"column":15},"end":{"line":2,"column":31}},"2":{"start":{"line":3,"column":13},"end":{"line":3,"column":33}},"3":{"start":{"line":4,"column":23},"end":{"line":4,"column":63}},"4":{"start":{"line":5,"column":23},"end":{"line":5,"column":63}},"5":{"start":{"line":6,"column":26},"end":{"line":6,"column":69}},"6":{"start":{"line":7,"column":26},"end":{"line":7,"column":69}},"7":{"start":{"line":8,"column":30},"end":{"line":8,"column":77}},"8":{"start":{"line":9,"column":27},"end":{"line":9,"column":71}},"9":{"start":{"line":10,"column":21},"end":{"line":10,"column":58}},"10":{"start":{"line":11,"column":22},"end":{"line":11,"column":61}},"11":{"start":{"line":13,"column":0},"end":{"line":13,"column":50}},"12":{"start":{"line":14,"column":0},"end":{"line":14,"column":44}},"13":{"start":{"line":15,"column":0},"end":{"line":15,"column":71}},"14":{"start":{"line":18,"column":0},"end":{"line":18,"column":27}},"15":{"start":{"line":20,"column":0},"end":{"line":20,"column":62}},"16":{"start":{"line":21,"column":0},"end":{"line":21,"column":53}},"17":{"start":{"line":22,"column":0},"end":{"line":22,"column":57}},"18":{"start":{"line":24,"column":0},"end":{"line":24,"column":52}},"19":{"start":{"line":25,"column":0},"end":{"line":25,"column":68}},"20":{"start":{"line":27,"column":0},"end":{"line":27,"column":54}},"21":{"start":{"line":28,"column":0},"end":{"line":28,"column":62}},"22":{"start":{"line":29,"column":0},"end":{"line":29,"column":55}},"23":{"start":{"line":30,"column":0},"end":{"line":30,"column":64}},"24":{"start":{"line":32,"column":0},"end":{"line":32,"column":73}},"25":{"start":{"line":34,"column":0},"end":{"line":34,"column":72}},"26":{"start":{"line":35,"column":0},"end":{"line":35,"column":77}},"27":{"start":{"line":36,"column":0},"end":{"line":39,"column":2}},"28":{"start":{"line":41,"column":0},"end":{"line":41,"column":63}},"29":{"start":{"line":42,"column":0},"end":{"line":42,"column":71}},"30":{"start":{"line":43,"column":0},"end":{"line":43,"column":68}},"31":{"start":{"line":45,"column":0},"end":{"line":56,"column":2}},"32":{"start":{"line":48,"column":4},"end":{"line":50,"column":6}},"33":{"start":{"line":49,"column":6},"end":{"line":49,"column":60}},"34":{"start":{"line":58,"column":0},"end":{"line":58,"column":24}}},"fnMap":{"0":{"name":"(anonymous_0)","decl":{"start":{"line":47,"column":2},"end":{"line":47,"column":3}},"loc":{"start":{"line":47,"column":8},"end":{"line":51,"column":3}},"line":47},"1":{"name":"(anonymous_1)","decl":{"start":{"line":48,"column":25},"end":{"line":48,"column":26}},"loc":{"start":{"line":49,"column":6},"end":{"line":49,"column":60}},"line":49}},"branchMap":{},"s":{"0":10,"1":10,"2":10,"3":10,"4":10,"5":10,"6":10,"7":10,"8":10,"9":10,"10":10,"11":10,"12":10,"13":10,"14":10,"15":10,"16":10,"17":10,"18":10,"19":10,"20":10,"21":10,"22":10,"23":10,"24":10,"25":10,"26":10,"27":10,"28":10,"29":10,"30":10,"31":10,"32":0,"33":0,"34":10},"f":{"0":0,"1":0},"b":{},"_coverageSchema":"1a1c01bbd47fc00a2c39e90264f33305004495a9","hash":"4f30566a5e21ff762a77a999f10e1e33edc04b70"}
}
