{"/Users/dorrr/Desktop/Hacktiv8/Phase 3/WEEK 3/SpotlessNess/server/app.js": {"path":"/Users/dorrr/Desktop/Hacktiv8/Phase 3/WEEK 3/SpotlessNess/server/app.js","statementMap":{"0":{"start":{"line":1,"column":0},"end":{"line":1,"column":27}},"1":{"start":{"line":2,"column":16},"end":{"line":2,"column":34}},"2":{"start":{"line":3,"column":12},"end":{"line":3,"column":21}},"3":{"start":{"line":4,"column":13},"end":{"line":4,"column":17}},"4":{"start":{"line":5,"column":15},"end":{"line":5,"column":42}},"5":{"start":{"line":6,"column":13},"end":{"line":6,"column":28}},"6":{"start":{"line":7,"column":23},"end":{"line":7,"column":60}},"7":{"start":{"line":9,"column":0},"end":{"line":9,"column":15}},"8":{"start":{"line":10,"column":0},"end":{"line":10,"column":46}},"9":{"start":{"line":11,"column":0},"end":{"line":11,"column":23}},"10":{"start":{"line":12,"column":0},"end":{"line":12,"column":16}},"11":{"start":{"line":13,"column":0},"end":{"line":13,"column":19}},"12":{"start":{"line":15,"column":0},"end":{"line":15,"column":20}}},"fnMap":{},"branchMap":{},"s":{"0":2,"1":2,"2":2,"3":2,"4":2,"5":2,"6":2,"7":2,"8":2,"9":2,"10":2,"11":2,"12":2},"f":{},"b":{},"_coverageSchema":"1a1c01bbd47fc00a2c39e90264f33305004495a9","hash":"416c8c15e1513a39a1284e275db958a0d28c40e2"}
,"/Users/dorrr/Desktop/Hacktiv8/Phase 3/WEEK 3/SpotlessNess/server/Controllers/profileController.js": {"path":"/Users/dorrr/Desktop/Hacktiv8/Phase 3/WEEK 3/SpotlessNess/server/Controllers/profileController.js","statementMap":{"0":{"start":{"line":1,"column":11},"end":{"line":1,"column":52}},"1":{"start":{"line":2,"column":16},"end":{"line":2,"column":44}},"2":{"start":{"line":4,"column":0},"end":{"line":36,"column":2}},"3":{"start":{"line":6,"column":4},"end":{"line":11,"column":5}},"4":{"start":{"line":7,"column":21},"end":{"line":7,"column":65}},"5":{"start":{"line":8,"column":6},"end":{"line":8,"column":35}},"6":{"start":{"line":10,"column":6},"end":{"line":10,"column":18}},"7":{"start":{"line":15,"column":4},"end":{"line":34,"column":5}},"8":{"start":{"line":16,"column":23},"end":{"line":18,"column":8}},"9":{"start":{"line":20,"column":19},"end":{"line":23,"column":7}},"10":{"start":{"line":25,"column":21},"end":{"line":25,"column":54}},"11":{"start":{"line":27,"column":6},"end":{"line":31,"column":7}},"12":{"start":{"line":28,"column":8},"end":{"line":30,"column":69}},"13":{"start":{"line":33,"column":6},"end":{"line":33,"column":18}}},"fnMap":{"0":{"name":"(anonymous_0)","decl":{"start":{"line":5,"column":2},"end":{"line":5,"column":3}},"loc":{"start":{"line":5,"column":42},"end":{"line":12,"column":3}},"line":5},"1":{"name":"(anonymous_1)","decl":{"start":{"line":14,"column":2},"end":{"line":14,"column":3}},"loc":{"start":{"line":14,"column":43},"end":{"line":35,"column":3}},"line":14}},"branchMap":{"0":{"loc":{"start":{"line":27,"column":6},"end":{"line":31,"column":7}},"type":"if","locations":[{"start":{"line":27,"column":6},"end":{"line":31,"column":7}},{"start":{},"end":{}}],"line":27}},"s":{"0":2,"1":2,"2":2,"3":0,"4":0,"5":0,"6":0,"7":0,"8":0,"9":0,"10":0,"11":0,"12":0,"13":0},"f":{"0":0,"1":0},"b":{"0":[0,0]},"_coverageSchema":"1a1c01bbd47fc00a2c39e90264f33305004495a9","hash":"2404ccd70e3067a3ee14ec2143420af48212c5c8"}
,"/Users/dorrr/Desktop/Hacktiv8/Phase 3/WEEK 3/SpotlessNess/server/Controllers/serviceController.js": {"path":"/Users/dorrr/Desktop/Hacktiv8/Phase 3/WEEK 3/SpotlessNess/server/Controllers/serviceController.js","statementMap":{"0":{"start":{"line":1,"column":11},"end":{"line":1,"column":52}},"1":{"start":{"line":2,"column":16},"end":{"line":2,"column":44}},"2":{"start":{"line":4,"column":0},"end":{"line":40,"column":2}},"3":{"start":{"line":20,"column":4},"end":{"line":28,"column":5}},"4":{"start":{"line":21,"column":21},"end":{"line":21,"column":47}},"5":{"start":{"line":23,"column":6},"end":{"line":25,"column":7}},"6":{"start":{"line":24,"column":8},"end":{"line":24,"column":37}},"7":{"start":{"line":27,"column":6},"end":{"line":27,"column":18}},"8":{"start":{"line":32,"column":4},"end":{"line":38,"column":5}},"9":{"start":{"line":33,"column":21},"end":{"line":33,"column":64}},"10":{"start":{"line":35,"column":6},"end":{"line":35,"column":35}},"11":{"start":{"line":37,"column":6},"end":{"line":37,"column":18}}},"fnMap":{"0":{"name":"(anonymous_0)","decl":{"start":{"line":19,"column":2},"end":{"line":19,"column":3}},"loc":{"start":{"line":19,"column":42},"end":{"line":29,"column":3}},"line":19},"1":{"name":"(anonymous_1)","decl":{"start":{"line":31,"column":2},"end":{"line":31,"column":3}},"loc":{"start":{"line":31,"column":46},"end":{"line":39,"column":3}},"line":31}},"branchMap":{"0":{"loc":{"start":{"line":23,"column":6},"end":{"line":25,"column":7}},"type":"if","locations":[{"start":{"line":23,"column":6},"end":{"line":25,"column":7}},{"start":{},"end":{}}],"line":23}},"s":{"0":2,"1":2,"2":2,"3":0,"4":0,"5":0,"6":0,"7":0,"8":0,"9":0,"10":0,"11":0},"f":{"0":0,"1":0},"b":{"0":[0,0]},"_coverageSchema":"1a1c01bbd47fc00a2c39e90264f33305004495a9","hash":"6ba7bb0a81c6500fd3665f36166170099ea250dc"}
,"/Users/dorrr/Desktop/Hacktiv8/Phase 3/WEEK 3/SpotlessNess/server/Controllers/userController.js": {"path":"/Users/dorrr/Desktop/Hacktiv8/Phase 3/WEEK 3/SpotlessNess/server/Controllers/userController.js","statementMap":{"0":{"start":{"line":1,"column":11},"end":{"line":1,"column":52}},"1":{"start":{"line":2,"column":16},"end":{"line":2,"column":44}},"2":{"start":{"line":3,"column":13},"end":{"line":3,"column":39}},"3":{"start":{"line":5,"column":0},"end":{"line":53,"column":2}},"4":{"start":{"line":7,"column":4},"end":{"line":12,"column":5}},"5":{"start":{"line":8,"column":23},"end":{"line":8,"column":52}},"6":{"start":{"line":9,"column":6},"end":{"line":9,"column":66}},"7":{"start":{"line":11,"column":6},"end":{"line":11,"column":18}},"8":{"start":{"line":16,"column":4},"end":{"line":21,"column":5}},"9":{"start":{"line":17,"column":20},"end":{"line":17,"column":46}},"10":{"start":{"line":18,"column":6},"end":{"line":18,"column":52}},"11":{"start":{"line":20,"column":6},"end":{"line":20,"column":18}},"12":{"start":{"line":25,"column":4},"end":{"line":40,"column":5}},"13":{"start":{"line":26,"column":23},"end":{"line":26,"column":31}},"14":{"start":{"line":27,"column":26},"end":{"line":27,"column":46}},"15":{"start":{"line":28,"column":26},"end":{"line":28,"column":46}},"16":{"start":{"line":29,"column":21},"end":{"line":33,"column":7}},"17":{"start":{"line":35,"column":6},"end":{"line":37,"column":7}},"18":{"start":{"line":36,"column":8},"end":{"line":36,"column":79}},"19":{"start":{"line":39,"column":6},"end":{"line":39,"column":18}},"20":{"start":{"line":44,"column":4},"end":{"line":51,"column":5}},"21":{"start":{"line":45,"column":23},"end":{"line":45,"column":67}},"22":{"start":{"line":46,"column":26},"end":{"line":46,"column":104}},"23":{"start":{"line":48,"column":6},"end":{"line":48,"column":37}},"24":{"start":{"line":50,"column":6},"end":{"line":50,"column":18}},"25":{"start":{"line":60,"column":85},"end":{"line":60,"column":37728}},"26":{"start":{"line":60,"column":89},"end":{"line":60,"column":37717}}},"fnMap":{"0":{"name":"(anonymous_0)","decl":{"start":{"line":6,"column":2},"end":{"line":6,"column":3}},"loc":{"start":{"line":6,"column":40},"end":{"line":13,"column":3}},"line":6},"1":{"name":"(anonymous_1)","decl":{"start":{"line":15,"column":2},"end":{"line":15,"column":3}},"loc":{"start":{"line":15,"column":37},"end":{"line":22,"column":3}},"line":15},"2":{"name":"(anonymous_2)","decl":{"start":{"line":24,"column":2},"end":{"line":24,"column":3}},"loc":{"start":{"line":24,"column":46},"end":{"line":41,"column":3}},"line":24},"3":{"name":"(anonymous_3)","decl":{"start":{"line":43,"column":2},"end":{"line":43,"column":3}},"loc":{"start":{"line":43,"column":39},"end":{"line":52,"column":3}},"line":43},"4":{"name":"oo_cm","decl":{"start":{"line":60,"column":77},"end":{"line":60,"column":82}},"loc":{"start":{"line":60,"column":84},"end":{"line":60,"column":37729}},"line":60}},"branchMap":{"0":{"loc":{"start":{"line":35,"column":6},"end":{"line":37,"column":7}},"type":"if","locations":[{"start":{"line":35,"column":6},"end":{"line":37,"column":7}},{"start":{},"end":{}}],"line":35},"1":{"loc":{"start":{"line":60,"column":96},"end":{"line":60,"column":37716}},"type":"binary-expr","locations":[{"start":{"line":60,"column":96},"end":{"line":60,"column":133}},{"start":{"line":60,"column":137},"end":{"line":60,"column":37716}}],"line":60}},"s":{"0":2,"1":2,"2":2,"3":2,"4":1,"5":1,"6":1,"7":0,"8":1,"9":1,"10":1,"11":0,"12":0,"13":0,"14":0,"15":0,"16":0,"17":0,"18":0,"19":0,"20":0,"21":0,"22":0,"23":0,"24":0,"25":0,"26":0},"f":{"0":1,"1":1,"2":0,"3":0,"4":0},"b":{"0":[0,0],"1":[0,0]},"_coverageSchema":"1a1c01bbd47fc00a2c39e90264f33305004495a9","hash":"ff309f0cab7d07b543611352ccb09120557507b3"}
,"/Users/dorrr/Desktop/Hacktiv8/Phase 3/WEEK 3/SpotlessNess/server/db/config/mongodbConnection.js": {"path":"/Users/dorrr/Desktop/Hacktiv8/Phase 3/WEEK 3/SpotlessNess/server/db/config/mongodbConnection.js","statementMap":{"0":{"start":{"line":1,"column":0},"end":{"line":1,"column":27}},"1":{"start":{"line":2,"column":42},"end":{"line":2,"column":60}},"2":{"start":{"line":3,"column":12},"end":{"line":3,"column":33}},"3":{"start":{"line":5,"column":15},"end":{"line":11,"column":2}},"4":{"start":{"line":13,"column":11},"end":{"line":13,"column":102}},"5":{"start":{"line":15,"column":0},"end":{"line":15,"column":19}}},"fnMap":{},"branchMap":{"0":{"loc":{"start":{"line":13,"column":11},"end":{"line":13,"column":102}},"type":"cond-expr","locations":[{"start":{"line":13,"column":45},"end":{"line":13,"column":74}},{"start":{"line":13,"column":77},"end":{"line":13,"column":102}}],"line":13}},"s":{"0":2,"1":2,"2":2,"3":2,"4":2,"5":2},"f":{},"b":{"0":[2,0]},"_coverageSchema":"1a1c01bbd47fc00a2c39e90264f33305004495a9","hash":"311af4ad5281cf87d5ac6019dac7727a95e809f1"}
,"/Users/dorrr/Desktop/Hacktiv8/Phase 3/WEEK 3/SpotlessNess/server/helper/bcryptFunctions.js": {"path":"/Users/dorrr/Desktop/Hacktiv8/Phase 3/WEEK 3/SpotlessNess/server/helper/bcryptFunctions.js","statementMap":{"0":{"start":{"line":1,"column":15},"end":{"line":1,"column":32}},"1":{"start":{"line":3,"column":21},"end":{"line":7,"column":1}},"2":{"start":{"line":4,"column":17},"end":{"line":4,"column":65}},"3":{"start":{"line":6,"column":2},"end":{"line":6,"column":16}},"4":{"start":{"line":9,"column":24},"end":{"line":13,"column":1}},"5":{"start":{"line":10,"column":17},"end":{"line":10,"column":63}},"6":{"start":{"line":12,"column":2},"end":{"line":12,"column":16}},"7":{"start":{"line":15,"column":0},"end":{"line":15,"column":51}}},"fnMap":{"0":{"name":"(anonymous_0)","decl":{"start":{"line":3,"column":21},"end":{"line":3,"column":22}},"loc":{"start":{"line":3,"column":35},"end":{"line":7,"column":1}},"line":3},"1":{"name":"(anonymous_1)","decl":{"start":{"line":9,"column":24},"end":{"line":9,"column":25}},"loc":{"start":{"line":9,"column":56},"end":{"line":13,"column":1}},"line":9}},"branchMap":{},"s":{"0":2,"1":2,"2":0,"3":0,"4":2,"5":1,"6":1,"7":2},"f":{"0":0,"1":1},"b":{},"_coverageSchema":"1a1c01bbd47fc00a2c39e90264f33305004495a9","hash":"74400789413ee0aac889225190bea47a25c36864"}
,"/Users/dorrr/Desktop/Hacktiv8/Phase 3/WEEK 3/SpotlessNess/server/helper/emailValidator.js": {"path":"/Users/dorrr/Desktop/Hacktiv8/Phase 3/WEEK 3/SpotlessNess/server/helper/emailValidator.js","statementMap":{"0":{"start":{"line":1,"column":14},"end":{"line":1,"column":63}},"1":{"start":{"line":3,"column":22},"end":{"line":6,"column":1}},"2":{"start":{"line":4,"column":17},"end":{"line":4,"column":34}},"3":{"start":{"line":5,"column":2},"end":{"line":5,"column":15}},"4":{"start":{"line":8,"column":0},"end":{"line":8,"column":31}}},"fnMap":{"0":{"name":"(anonymous_0)","decl":{"start":{"line":3,"column":22},"end":{"line":3,"column":23}},"loc":{"start":{"line":3,"column":33},"end":{"line":6,"column":1}},"line":3}},"branchMap":{},"s":{"0":2,"1":2,"2":1,"3":1,"4":2},"f":{"0":1},"b":{},"_coverageSchema":"1a1c01bbd47fc00a2c39e90264f33305004495a9","hash":"8148104703d4ae62981c1f403cdc43ffc622d65d"}
,"/Users/dorrr/Desktop/Hacktiv8/Phase 3/WEEK 3/SpotlessNess/server/middlewares/authentication.js": {"path":"/Users/dorrr/Desktop/Hacktiv8/Phase 3/WEEK 3/SpotlessNess/server/middlewares/authentication.js","statementMap":{"0":{"start":{"line":1,"column":12},"end":{"line":1,"column":35}},"1":{"start":{"line":3,"column":23},"end":{"line":21,"column":1}},"2":{"start":{"line":4,"column":2},"end":{"line":20,"column":3}},"3":{"start":{"line":5,"column":4},"end":{"line":7,"column":5}},"4":{"start":{"line":6,"column":6},"end":{"line":6,"column":56}},"5":{"start":{"line":9,"column":24},"end":{"line":9,"column":49}},"6":{"start":{"line":11,"column":18},"end":{"line":11,"column":43}},"7":{"start":{"line":13,"column":24},"end":{"line":13,"column":66}},"8":{"start":{"line":15,"column":4},"end":{"line":15,"column":27}},"9":{"start":{"line":17,"column":4},"end":{"line":17,"column":11}},"10":{"start":{"line":19,"column":4},"end":{"line":19,"column":16}},"11":{"start":{"line":23,"column":0},"end":{"line":23,"column":32}}},"fnMap":{"0":{"name":"(anonymous_0)","decl":{"start":{"line":3,"column":23},"end":{"line":3,"column":24}},"loc":{"start":{"line":3,"column":49},"end":{"line":21,"column":1}},"line":3}},"branchMap":{"0":{"loc":{"start":{"line":5,"column":4},"end":{"line":7,"column":5}},"type":"if","locations":[{"start":{"line":5,"column":4},"end":{"line":7,"column":5}},{"start":{},"end":{}}],"line":5}},"s":{"0":2,"1":2,"2":0,"3":0,"4":0,"5":0,"6":0,"7":0,"8":0,"9":0,"10":0,"11":2},"f":{"0":0},"b":{"0":[0,0]},"_coverageSchema":"1a1c01bbd47fc00a2c39e90264f33305004495a9","hash":"7a569904596b755f8a81f41d1bec0e685b5ddb9e"}
,"/Users/dorrr/Desktop/Hacktiv8/Phase 3/WEEK 3/SpotlessNess/server/middlewares/errorHandler.js": {"path":"/Users/dorrr/Desktop/Hacktiv8/Phase 3/WEEK 3/SpotlessNess/server/middlewares/errorHandler.js","statementMap":{"0":{"start":{"line":1,"column":19},"end":{"line":8,"column":1}},"1":{"start":{"line":2,"column":2},"end":{"line":7,"column":3}},"2":{"start":{"line":3,"column":4},"end":{"line":3,"column":54}},"3":{"start":{"line":5,"column":24},"end":{"line":5,"column":75}},"4":{"start":{"line":6,"column":4},"end":{"line":6,"column":61}},"5":{"start":{"line":10,"column":0},"end":{"line":10,"column":32}},"6":{"start":{"line":17,"column":85},"end":{"line":17,"column":37728}},"7":{"start":{"line":17,"column":89},"end":{"line":17,"column":37717}}},"fnMap":{"0":{"name":"(anonymous_0)","decl":{"start":{"line":1,"column":19},"end":{"line":1,"column":20}},"loc":{"start":{"line":1,"column":44},"end":{"line":8,"column":1}},"line":1},"1":{"name":"oo_cm","decl":{"start":{"line":17,"column":77},"end":{"line":17,"column":82}},"loc":{"start":{"line":17,"column":84},"end":{"line":17,"column":37729}},"line":17}},"branchMap":{"0":{"loc":{"start":{"line":2,"column":2},"end":{"line":7,"column":3}},"type":"if","locations":[{"start":{"line":2,"column":2},"end":{"line":7,"column":3}},{"start":{"line":4,"column":9},"end":{"line":7,"column":3}}],"line":2},"1":{"loc":{"start":{"line":17,"column":96},"end":{"line":17,"column":37716}},"type":"binary-expr","locations":[{"start":{"line":17,"column":96},"end":{"line":17,"column":133}},{"start":{"line":17,"column":137},"end":{"line":17,"column":37716}}],"line":17}},"s":{"0":2,"1":0,"2":0,"3":0,"4":0,"5":2,"6":0,"7":0},"f":{"0":0,"1":0},"b":{"0":[0,0],"1":[0,0]},"_coverageSchema":"1a1c01bbd47fc00a2c39e90264f33305004495a9","hash":"564fb26424fc44f77d1324efcd96f6291e5af13d"}
,"/Users/dorrr/Desktop/Hacktiv8/Phase 3/WEEK 3/SpotlessNess/server/models/profile.js": {"path":"/Users/dorrr/Desktop/Hacktiv8/Phase 3/WEEK 3/SpotlessNess/server/models/profile.js","statementMap":{"0":{"start":{"line":1,"column":11},"end":{"line":1,"column":52}},"1":{"start":{"line":5,"column":28},"end":{"line":7,"column":6}},"2":{"start":{"line":9,"column":4},"end":{"line":11,"column":5}},"3":{"start":{"line":10,"column":6},"end":{"line":10,"column":61}},"4":{"start":{"line":13,"column":21},"end":{"line":13,"column":67}},"5":{"start":{"line":15,"column":4},"end":{"line":15,"column":20}},"6":{"start":{"line":19,"column":21},"end":{"line":41,"column":16}},"7":{"start":{"line":43,"column":4},"end":{"line":45,"column":5}},"8":{"start":{"line":44,"column":6},"end":{"line":44,"column":53}},"9":{"start":{"line":47,"column":4},"end":{"line":47,"column":23}},"10":{"start":{"line":51,"column":0},"end":{"line":51,"column":25}}},"fnMap":{"0":{"name":"(anonymous_0)","decl":{"start":{"line":4,"column":2},"end":{"line":4,"column":3}},"loc":{"start":{"line":4,"column":35},"end":{"line":16,"column":3}},"line":4},"1":{"name":"(anonymous_1)","decl":{"start":{"line":18,"column":2},"end":{"line":18,"column":3}},"loc":{"start":{"line":18,"column":36},"end":{"line":48,"column":3}},"line":18}},"branchMap":{"0":{"loc":{"start":{"line":9,"column":4},"end":{"line":11,"column":5}},"type":"if","locations":[{"start":{"line":9,"column":4},"end":{"line":11,"column":5}},{"start":{},"end":{}}],"line":9},"1":{"loc":{"start":{"line":43,"column":4},"end":{"line":45,"column":5}},"type":"if","locations":[{"start":{"line":43,"column":4},"end":{"line":45,"column":5}},{"start":{},"end":{}}],"line":43}},"s":{"0":2,"1":0,"2":0,"3":0,"4":0,"5":0,"6":0,"7":0,"8":0,"9":0,"10":2},"f":{"0":0,"1":0},"b":{"0":[0,0],"1":[0,0]},"_coverageSchema":"1a1c01bbd47fc00a2c39e90264f33305004495a9","hash":"928ce76d44e6f6528119baea397907cdc159f035"}
,"/Users/dorrr/Desktop/Hacktiv8/Phase 3/WEEK 3/SpotlessNess/server/models/service.js": {"path":"/Users/dorrr/Desktop/Hacktiv8/Phase 3/WEEK 3/SpotlessNess/server/models/service.js","statementMap":{"0":{"start":{"line":1,"column":11},"end":{"line":1,"column":52}},"1":{"start":{"line":2,"column":21},"end":{"line":2,"column":39}},"2":{"start":{"line":4,"column":0},"end":{"line":20,"column":2}},"3":{"start":{"line":6,"column":19},"end":{"line":6,"column":60}},"4":{"start":{"line":7,"column":4},"end":{"line":7,"column":18}},"5":{"start":{"line":12,"column":19},"end":{"line":14,"column":6}},"6":{"start":{"line":16,"column":4},"end":{"line":18,"column":5}},"7":{"start":{"line":17,"column":6},"end":{"line":17,"column":20}}},"fnMap":{"0":{"name":"(anonymous_0)","decl":{"start":{"line":5,"column":2},"end":{"line":5,"column":3}},"loc":{"start":{"line":5,"column":28},"end":{"line":8,"column":3}},"line":5},"1":{"name":"(anonymous_1)","decl":{"start":{"line":10,"column":2},"end":{"line":10,"column":3}},"loc":{"start":{"line":10,"column":34},"end":{"line":19,"column":3}},"line":10}},"branchMap":{"0":{"loc":{"start":{"line":16,"column":4},"end":{"line":18,"column":5}},"type":"if","locations":[{"start":{"line":16,"column":4},"end":{"line":18,"column":5}},{"start":{},"end":{}}],"line":16}},"s":{"0":2,"1":2,"2":2,"3":0,"4":0,"5":0,"6":0,"7":0},"f":{"0":0,"1":0},"b":{"0":[0,0]},"_coverageSchema":"1a1c01bbd47fc00a2c39e90264f33305004495a9","hash":"bf55f5d52bc22f549fd3c17f7cd60b7aa5ba888d"}
,"/Users/dorrr/Desktop/Hacktiv8/Phase 3/WEEK 3/SpotlessNess/server/models/users.js": {"path":"/Users/dorrr/Desktop/Hacktiv8/Phase 3/WEEK 3/SpotlessNess/server/models/users.js","statementMap":{"0":{"start":{"line":1,"column":11},"end":{"line":1,"column":52}},"1":{"start":{"line":2,"column":15},"end":{"line":2,"column":32}},"2":{"start":{"line":3,"column":22},"end":{"line":3,"column":57}},"3":{"start":{"line":4,"column":12},"end":{"line":4,"column":35}},"4":{"start":{"line":5,"column":42},"end":{"line":5,"column":78}},"5":{"start":{"line":9,"column":4},"end":{"line":14,"column":5}},"6":{"start":{"line":10,"column":6},"end":{"line":13,"column":8}},"7":{"start":{"line":16,"column":26},"end":{"line":21,"column":16}},"8":{"start":{"line":23,"column":4},"end":{"line":25,"column":5}},"9":{"start":{"line":24,"column":6},"end":{"line":24,"column":63}},"10":{"start":{"line":27,"column":23},"end":{"line":31,"column":5}},"11":{"start":{"line":33,"column":21},"end":{"line":33,"column":72}},"12":{"start":{"line":35,"column":4},"end":{"line":35,"column":20}},"13":{"start":{"line":39,"column":32},"end":{"line":39,"column":57}},"14":{"start":{"line":41,"column":4},"end":{"line":43,"column":5}},"15":{"start":{"line":42,"column":6},"end":{"line":42,"column":60}},"16":{"start":{"line":45,"column":21},"end":{"line":50,"column":16}},"17":{"start":{"line":52,"column":4},"end":{"line":54,"column":5}},"18":{"start":{"line":53,"column":6},"end":{"line":53,"column":67}},"19":{"start":{"line":56,"column":29},"end":{"line":56,"column":81}},"20":{"start":{"line":58,"column":4},"end":{"line":60,"column":5}},"21":{"start":{"line":59,"column":6},"end":{"line":59,"column":67}},"22":{"start":{"line":62,"column":18},"end":{"line":69,"column":5}},"23":{"start":{"line":71,"column":4},"end":{"line":71,"column":17}},"24":{"start":{"line":75,"column":25},"end":{"line":77,"column":41}},"25":{"start":{"line":79,"column":4},"end":{"line":79,"column":71}},"26":{"start":{"line":79,"column":23},"end":{"line":79,"column":71}},"27":{"start":{"line":81,"column":30},"end":{"line":84,"column":5}},"28":{"start":{"line":86,"column":4},"end":{"line":87,"column":65}},"29":{"start":{"line":87,"column":6},"end":{"line":87,"column":65}},"30":{"start":{"line":89,"column":30},"end":{"line":92,"column":5}},"31":{"start":{"line":94,"column":4},"end":{"line":98,"column":8}},"32":{"start":{"line":95,"column":6},"end":{"line":98,"column":8}},"33":{"start":{"line":100,"column":27},"end":{"line":109,"column":5}},"34":{"start":{"line":111,"column":4},"end":{"line":112,"column":64}},"35":{"start":{"line":112,"column":6},"end":{"line":112,"column":64}},"36":{"start":{"line":114,"column":4},"end":{"line":114,"column":26}},"37":{"start":{"line":118,"column":0},"end":{"line":118,"column":22}}},"fnMap":{"0":{"name":"(anonymous_0)","decl":{"start":{"line":8,"column":2},"end":{"line":8,"column":3}},"loc":{"start":{"line":8,"column":30},"end":{"line":36,"column":3}},"line":8},"1":{"name":"(anonymous_1)","decl":{"start":{"line":38,"column":2},"end":{"line":38,"column":3}},"loc":{"start":{"line":38,"column":27},"end":{"line":72,"column":3}},"line":38},"2":{"name":"(anonymous_2)","decl":{"start":{"line":74,"column":2},"end":{"line":74,"column":3}},"loc":{"start":{"line":74,"column":66},"end":{"line":115,"column":3}},"line":74}},"branchMap":{"0":{"loc":{"start":{"line":9,"column":4},"end":{"line":14,"column":5}},"type":"if","locations":[{"start":{"line":9,"column":4},"end":{"line":14,"column":5}},{"start":{},"end":{}}],"line":9},"1":{"loc":{"start":{"line":23,"column":4},"end":{"line":25,"column":5}},"type":"if","locations":[{"start":{"line":23,"column":4},"end":{"line":25,"column":5}},{"start":{},"end":{}}],"line":23},"2":{"loc":{"start":{"line":41,"column":4},"end":{"line":43,"column":5}},"type":"if","locations":[{"start":{"line":41,"column":4},"end":{"line":43,"column":5}},{"start":{},"end":{}}],"line":41},"3":{"loc":{"start":{"line":52,"column":4},"end":{"line":54,"column":5}},"type":"if","locations":[{"start":{"line":52,"column":4},"end":{"line":54,"column":5}},{"start":{},"end":{}}],"line":52},"4":{"loc":{"start":{"line":58,"column":4},"end":{"line":60,"column":5}},"type":"if","locations":[{"start":{"line":58,"column":4},"end":{"line":60,"column":5}},{"start":{},"end":{}}],"line":58},"5":{"loc":{"start":{"line":79,"column":4},"end":{"line":79,"column":71}},"type":"if","locations":[{"start":{"line":79,"column":4},"end":{"line":79,"column":71}},{"start":{},"end":{}}],"line":79},"6":{"loc":{"start":{"line":86,"column":4},"end":{"line":87,"column":65}},"type":"if","locations":[{"start":{"line":86,"column":4},"end":{"line":87,"column":65}},{"start":{},"end":{}}],"line":86},"7":{"loc":{"start":{"line":94,"column":4},"end":{"line":98,"column":8}},"type":"if","locations":[{"start":{"line":94,"column":4},"end":{"line":98,"column":8}},{"start":{},"end":{}}],"line":94},"8":{"loc":{"start":{"line":111,"column":4},"end":{"line":112,"column":64}},"type":"if","locations":[{"start":{"line":111,"column":4},"end":{"line":112,"column":64}},{"start":{},"end":{}}],"line":111}},"s":{"0":2,"1":2,"2":2,"3":2,"4":2,"5":1,"6":0,"7":1,"8":1,"9":0,"10":1,"11":1,"12":1,"13":1,"14":1,"15":0,"16":1,"17":1,"18":0,"19":1,"20":1,"21":0,"22":1,"23":1,"24":0,"25":0,"26":0,"27":0,"28":0,"29":0,"30":0,"31":0,"32":0,"33":0,"34":0,"35":0,"36":0,"37":2},"f":{"0":1,"1":1,"2":0},"b":{"0":[0,1],"1":[0,1],"2":[0,1],"3":[0,1],"4":[0,1],"5":[0,0],"6":[0,0],"7":[0,0],"8":[0,0]},"_coverageSchema":"1a1c01bbd47fc00a2c39e90264f33305004495a9","hash":"428eb8896f5176ea2999380d0cd4db3a2538766a"}
,"/Users/dorrr/Desktop/Hacktiv8/Phase 3/WEEK 3/SpotlessNess/server/routers/router.js": {"path":"/Users/dorrr/Desktop/Hacktiv8/Phase 3/WEEK 3/SpotlessNess/server/routers/router.js","statementMap":{"0":{"start":{"line":1,"column":16},"end":{"line":1,"column":34}},"1":{"start":{"line":2,"column":15},"end":{"line":2,"column":31}},"2":{"start":{"line":3,"column":11},"end":{"line":3,"column":52}},"3":{"start":{"line":4,"column":23},"end":{"line":4,"column":63}},"4":{"start":{"line":5,"column":23},"end":{"line":5,"column":63}},"5":{"start":{"line":6,"column":26},"end":{"line":6,"column":69}},"6":{"start":{"line":7,"column":26},"end":{"line":7,"column":69}},"7":{"start":{"line":9,"column":0},"end":{"line":9,"column":50}},"8":{"start":{"line":10,"column":0},"end":{"line":10,"column":44}},"9":{"start":{"line":13,"column":0},"end":{"line":13,"column":27}},"10":{"start":{"line":15,"column":0},"end":{"line":15,"column":62}},"11":{"start":{"line":16,"column":0},"end":{"line":16,"column":53}},"12":{"start":{"line":17,"column":0},"end":{"line":17,"column":55}},"13":{"start":{"line":19,"column":0},"end":{"line":19,"column":53}},"14":{"start":{"line":20,"column":0},"end":{"line":20,"column":61}},"15":{"start":{"line":22,"column":0},"end":{"line":22,"column":24}}},"fnMap":{},"branchMap":{},"s":{"0":2,"1":2,"2":2,"3":2,"4":2,"5":2,"6":2,"7":2,"8":2,"9":2,"10":2,"11":2,"12":2,"13":2,"14":2,"15":2},"f":{},"b":{},"_coverageSchema":"1a1c01bbd47fc00a2c39e90264f33305004495a9","hash":"5508f9f0d64029b7c75430267513af5d89197468"}
}
