TN:
SF:app.js
FNF:0
FNH:0
DA:1,10
DA:2,10
DA:3,10
DA:4,10
DA:5,10
DA:6,10
DA:7,10
DA:9,10
DA:10,10
DA:11,10
DA:12,10
DA:13,10
DA:15,10
LF:13
LH:13
BRF:0
BRH:0
end_of_record
TN:
SF:Controllers/profileController.js
FN:5,(anonymous_0)
FN:14,(anonymous_1)
FNF:2
FNH:2
FNDA:1,(anonymous_0)
FNDA:1,(anonymous_1)
DA:1,10
DA:2,10
DA:4,10
DA:6,1
DA:7,1
DA:8,1
DA:10,0
DA:15,1
DA:16,1
DA:20,1
DA:25,1
DA:27,1
DA:28,1
DA:33,0
LF:14
LH:12
BRDA:27,0,0,1
BRDA:27,0,1,0
BRF:2
BRH:1
end_of_record
TN:
SF:Controllers/scheduleController.js
FN:5,(anonymous_0)
FN:15,(anonymous_1)
FN:27,(anonymous_2)
FNF:3
FNH:0
FNDA:0,(anonymous_0)
FNDA:0,(anonymous_1)
FNDA:0,(anonymous_2)
DA:1,10
DA:2,10
DA:4,10
DA:6,0
DA:7,0
DA:9,0
DA:11,0
DA:16,0
DA:17,0
DA:19,0
DA:21,0
DA:23,0
DA:28,0
DA:29,0
DA:31,0
DA:33,0
DA:35,0
LF:17
LH:3
BRF:0
BRH:0
end_of_record
TN:
SF:Controllers/serviceController.js
FN:33,(anonymous_0)
FN:45,(anonymous_1)
FN:55,(anonymous_2)
FN:65,(anonymous_3)
FNF:4
FNH:3
FNDA:1,(anonymous_0)
FNDA:1,(anonymous_1)
FNDA:1,(anonymous_2)
FNDA:0,(anonymous_3)
DA:1,10
DA:2,10
DA:3,10
DA:5,10
DA:34,1
DA:35,1
DA:37,1
DA:38,1
DA:41,0
DA:46,1
DA:47,1
DA:49,1
DA:51,0
DA:56,1
DA:57,1
DA:59,1
DA:61,0
DA:66,0
DA:67,0
DA:68,0
DA:70,0
DA:71,0
DA:74,0
LF:23
LH:14
BRDA:37,0,0,1
BRDA:37,0,1,0
BRDA:70,1,0,0
BRDA:70,1,1,0
BRF:4
BRH:1
end_of_record
TN:
SF:Controllers/transactionController.js
FN:7,(anonymous_0)
FN:23,(anonymous_1)
FN:48,(anonymous_2)
FN:73,(anonymous_3)
FN:83,(anonymous_4)
FN:95,(anonymous_5)
FNF:6
FNH:0
FNDA:0,(anonymous_0)
FNDA:0,(anonymous_1)
FNDA:0,(anonymous_2)
FNDA:0,(anonymous_3)
FNDA:0,(anonymous_4)
FNDA:0,(anonymous_5)
DA:1,10
DA:2,10
DA:3,10
DA:4,10
DA:8,0
DA:9,0
DA:11,0
DA:13,0
DA:19,0
DA:24,0
DA:25,0
DA:26,0
DA:30,0
DA:42,0
DA:46,0
DA:48,0
DA:49,0
DA:50,0
DA:62,0
DA:64,0
DA:66,0
DA:69,0
DA:74,0
DA:75,0
DA:77,0
DA:79,0
DA:84,0
DA:85,0
DA:87,0
DA:89,0
DA:91,0
DA:96,0
DA:97,0
DA:99,0
DA:101,0
DA:106,10
LF:36
LH:5
BRDA:26,0,0,0
BRDA:26,0,1,0
BRDA:27,1,0,0
BRDA:27,1,1,0
BRF:4
BRH:0
end_of_record
TN:
SF:Controllers/userController.js
FN:6,(anonymous_0)
FN:15,(anonymous_1)
FN:24,(anonymous_2)
FN:54,(anonymous_3)
FN:64,(anonymous_4)
FNF:5
FNH:5
FNDA:4,(anonymous_0)
FNDA:1,(anonymous_1)
FNDA:1,(anonymous_2)
FNDA:1,(anonymous_3)
FNDA:1,(anonymous_4)
DA:1,10
DA:2,10
DA:3,10
DA:5,10
DA:7,4
DA:8,4
DA:9,1
DA:11,3
DA:16,1
DA:17,1
DA:18,1
DA:20,0
DA:25,1
DA:26,1
DA:27,1
DA:28,1
DA:29,1
DA:35,1
DA:36,1
DA:39,0
DA:55,1
DA:56,1
DA:58,1
DA:60,0
DA:65,1
DA:66,1
DA:68,1
DA:69,1
DA:72,0
LF:29
LH:25
BRDA:35,0,0,1
BRDA:35,0,1,0
BRDA:68,1,0,1
BRDA:68,1,1,0
BRF:4
BRH:2
end_of_record
TN:
SF:db/config/midtransConnection.js
FNF:0
FNH:0
DA:1,10
DA:3,10
DA:9,10
LF:3
LH:3
BRF:0
BRH:0
end_of_record
TN:
SF:db/config/mongodbConnection.js
FNF:0
FNH:0
DA:1,10
DA:2,10
DA:3,10
DA:5,10
DA:13,10
DA:15,10
LF:6
LH:6
BRDA:13,0,0,10
BRDA:13,0,1,0
BRF:2
BRH:1
end_of_record
TN:
SF:helper/bcryptFunctions.js
FN:3,(anonymous_0)
FN:9,(anonymous_1)
FNF:2
FNH:2
FNDA:10,(anonymous_0)
FNDA:3,(anonymous_1)
DA:1,10
DA:3,10
DA:4,10
DA:6,10
DA:9,10
DA:10,3
DA:12,3
DA:15,10
LF:8
LH:8
BRF:0
BRH:0
end_of_record
TN:
SF:helper/emailValidator.js
FN:3,(anonymous_0)
FNF:1
FNH:1
FNDA:4,(anonymous_0)
DA:1,10
DA:3,10
DA:4,4
DA:5,4
DA:8,10
LF:5
LH:5
BRF:0
BRH:0
end_of_record
TN:
SF:helper/scheduleValidate.js
FN:3,updateStatus
FNF:1
FNH:0
FNDA:0,updateStatus
DA:1,10
DA:4,0
DA:5,0
DA:6,0
DA:17,0
DA:19,0
DA:23,10
LF:7
LH:2
BRF:0
BRH:0
end_of_record
TN:
SF:middlewares/authentication.js
FN:3,(anonymous_0)
FNF:1
FNH:1
FNDA:8,(anonymous_0)
DA:1,10
DA:3,10
DA:4,8
DA:5,8
DA:6,0
DA:9,8
DA:11,8
DA:13,8
DA:15,8
DA:17,8
DA:19,0
DA:23,10
LF:12
LH:10
BRDA:5,0,0,0
BRDA:5,0,1,8
BRF:2
BRH:1
end_of_record
TN:
SF:middlewares/authorization.js
FN:1,(anonymous_0)
FNF:1
FNH:1
FNDA:1,(anonymous_0)
DA:1,10
DA:2,1
DA:3,1
DA:4,1
DA:5,1
DA:7,0
DA:10,0
DA:14,10
LF:8
LH:6
BRDA:4,0,0,1
BRDA:4,0,1,0
BRF:2
BRH:1
end_of_record
TN:
SF:middlewares/errorHandler.js
FN:1,(anonymous_0)
FN:17,oo_cm
FNF:2
FNH:2
FNDA:3,(anonymous_0)
FNDA:1,oo_cm
DA:1,10
DA:2,3
DA:3,2
DA:5,1
DA:6,1
DA:10,10
DA:17,1
LF:7
LH:7
BRDA:2,0,0,2
BRDA:2,0,1,1
BRDA:17,1,0,1
BRDA:17,1,1,1
BRF:4
BRH:4
end_of_record
TN:
SF:models/profile.js
FN:4,(anonymous_0)
FN:35,(anonymous_1)
FNF:2
FNH:2
FNDA:1,(anonymous_0)
FNDA:1,(anonymous_1)
DA:1,10
DA:5,1
DA:9,1
DA:10,0
DA:25,0
DA:28,1
DA:29,1
DA:30,1
DA:36,1
DA:60,1
DA:61,0
DA:64,1
DA:68,10
LF:13
LH:10
BRDA:9,0,0,0
BRDA:9,0,1,1
BRDA:9,1,0,1
BRDA:9,1,1,0
BRDA:28,2,0,1
BRDA:28,2,1,0
BRDA:60,3,0,0
BRDA:60,3,1,1
BRF:8
BRH:4
end_of_record
TN:
SF:models/schedule.js
FN:5,(anonymous_0)
FN:11,(anonymous_1)
FN:22,(anonymous_2)
FNF:3
FNH:0
FNDA:0,(anonymous_0)
FNDA:0,(anonymous_1)
FNDA:0,(anonymous_2)
DA:1,10
DA:2,10
DA:4,10
DA:6,0
DA:8,0
DA:12,0
DA:19,0
DA:23,0
DA:29,0
DA:31,0
LF:10
LH:3
BRDA:29,0,0,0
BRDA:29,0,1,0
BRF:2
BRH:0
end_of_record
TN:
SF:models/service.js
FN:5,(anonymous_0)
FN:10,(anonymous_1)
FN:21,(anonymous_2)
FN:29,(anonymous_3)
FNF:4
FNH:3
FNDA:1,(anonymous_0)
FNDA:1,(anonymous_1)
FNDA:1,(anonymous_2)
FNDA:0,(anonymous_3)
DA:1,10
DA:2,10
DA:4,10
DA:6,1
DA:7,1
DA:12,1
DA:16,1
DA:17,0
DA:22,1
DA:26,1
DA:30,0
DA:36,0
DA:38,0
LF:13
LH:9
BRDA:16,0,0,0
BRDA:16,0,1,1
BRDA:36,1,0,0
BRDA:36,1,1,0
BRF:4
BRH:1
end_of_record
TN:
SF:models/transaction.js
FN:6,(anonymous_0)
FN:11,(anonymous_1)
FN:22,(anonymous_2)
FN:26,(anonymous_3)
FN:37,(anonymous_4)
FN:91,(anonymous_5)
FN:107,(anonymous_6)
FN:119,(anonymous_7)
FNF:8
FNH:0
FNDA:0,(anonymous_0)
FNDA:0,(anonymous_1)
FNDA:0,(anonymous_2)
FNDA:0,(anonymous_3)
FNDA:0,(anonymous_4)
FNDA:0,(anonymous_5)
FNDA:0,(anonymous_6)
FNDA:0,(anonymous_7)
DA:1,10
DA:2,10
DA:3,10
DA:5,10
DA:7,0
DA:8,0
DA:11,0
DA:12,0
DA:19,0
DA:22,0
DA:26,0
DA:27,0
DA:35,0
DA:37,0
DA:38,0
DA:41,0
DA:43,0
DA:52,0
DA:70,0
DA:72,0
DA:74,0
DA:85,0
DA:92,0
DA:104,0
DA:108,0
DA:114,0
DA:116,0
DA:120,0
DA:126,0
LF:29
LH:4
BRDA:7,0,0,0
BRDA:7,0,1,0
BRDA:114,1,0,0
BRDA:114,1,1,0
BRF:4
BRH:0
end_of_record
TN:
SF:models/users.js
FN:8,(anonymous_0)
FN:43,(anonymous_1)
FN:83,(anonymous_2)
FN:126,(anonymous_3)
FN:137,(anonymous_4)
FNF:5
FNH:5
FNDA:4,(anonymous_0)
FNDA:1,(anonymous_1)
FNDA:1,(anonymous_2)
FNDA:1,(anonymous_3)
FNDA:1,(anonymous_4)
DA:1,10
DA:2,10
DA:3,10
DA:4,10
DA:5,10
DA:9,4
DA:10,0
DA:16,3
DA:18,3
DA:19,1
DA:21,2
DA:28,2
DA:29,1
DA:32,1
DA:38,1
DA:40,1
DA:44,1
DA:46,1
DA:47,0
DA:50,1
DA:57,1
DA:58,0
DA:61,1
DA:66,1
DA:67,0
DA:70,1
DA:80,1
DA:84,1
DA:88,1
DA:90,1
DA:95,1
DA:96,0
DA:98,1
DA:103,1
DA:104,0
DA:109,1
DA:120,1
DA:121,0
DA:123,1
DA:127,1
DA:134,1
DA:138,1
DA:140,1
DA:142,1
DA:144,1
DA:146,1
DA:147,1
DA:149,1
DA:151,1
DA:155,10
LF:50
LH:43
BRDA:9,0,0,0
BRDA:9,0,1,3
BRDA:18,1,0,1
BRDA:18,1,1,2
BRDA:28,2,0,1
BRDA:28,2,1,1
BRDA:46,3,0,0
BRDA:46,3,1,1
BRDA:57,4,0,0
BRDA:57,4,1,1
BRDA:66,5,0,0
BRDA:66,5,1,1
BRDA:88,6,0,0
BRDA:88,6,1,1
BRDA:95,7,0,0
BRDA:95,7,1,1
BRDA:103,8,0,0
BRDA:103,8,1,1
BRDA:120,9,0,0
BRDA:120,9,1,1
BRDA:140,10,0,0
BRDA:140,10,1,1
BRDA:142,11,0,0
BRDA:142,11,1,1
BRDA:144,12,0,0
BRDA:144,12,1,1
BRF:26
BRH:15
end_of_record
TN:
SF:routers/router.js
FN:47,(anonymous_0)
FN:48,(anonymous_1)
FNF:2
FNH:0
FNDA:0,(anonymous_0)
FNDA:0,(anonymous_1)
DA:1,10
DA:2,10
DA:3,10
DA:4,10
DA:5,10
DA:6,10
DA:7,10
DA:8,10
DA:9,10
DA:10,10
DA:11,10
DA:13,10
DA:14,10
DA:15,10
DA:18,10
DA:20,10
DA:21,10
DA:22,10
DA:24,10
DA:25,10
DA:27,10
DA:28,10
DA:29,10
DA:30,10
DA:32,10
DA:34,10
DA:35,10
DA:36,10
DA:41,10
DA:42,10
DA:43,10
DA:45,10
DA:48,0
DA:49,0
DA:58,10
LF:35
LH:33
BRF:0
BRH:0
end_of_record
